C51 COMPILER V9.54   74HC245                                                               06/07/2022 15:21:39 PAGE 1   


C51 COMPILER V9.54, COMPILATION OF MODULE 74HC245
OBJECT MODULE PLACED IN .\Objects\74hc245.obj
COMPILER INVOKED BY: D:\Keil_v5\C51\BIN\C51.EXE ..\HARDWARE\74HC245\74hc245.c LARGE OPTIMIZE(8,SPEED) BROWSE INCDIR(..\H
                    -ARDWARE;..\SYSTEM;..\USER;..\HARDWARE\74HC245) DEBUG OBJECTEXTEND PRINT(.\Listings\74hc245.lst) TABS(2) OBJECT(.\Objects
                    -\74hc245.obj)

line level    source

   1          #include "74hc245.h"
   2          
   3          void IO_Init(void)
   4          {
   5   1        
   6   1        P0_Mode_OUT_PP(0xFF);
   7   1        P1_Mode_OUT_PP(0x03);
   8   1        
   9   1      }
  10          


MODULE INFORMATION:   STATIC OVERLAYABLE
   CODE SIZE        =     13    ----
   CONSTANT SIZE    =   ----    ----
   XDATA SIZE       =   ----    ----
   PDATA SIZE       =   ----    ----
   DATA SIZE        =   ----    ----
   IDATA SIZE       =   ----    ----
   BIT SIZE         =   ----    ----
END OF MODULE INFORMATION.


C51 COMPILATION COMPLETE.  0 WARNING(S),  0 ERROR(S)
