C51 COMPILER V9.54   MAIN                                                                  06/07/2022 09:31:16 PAGE 1   


C51 COMPILER V9.54, COMPILATION OF MODULE MAIN
OBJECT MODULE PLACED IN .\Objects\main.obj
COMPILER INVOKED BY: D:\Keil_v5\C51\BIN\C51.EXE main.c LARGE OPTIMIZE(8,SPEED) BROWSE INCDIR(..\HARDWARE;..\SYSTEM;..\US
                    -ER;..\HARDWARE\led;..\HARDWARE\usart3) DEBUG OBJECTEXTEND PRINT(.\Listings\main.lst) TABS(2) OBJECT(.\Objects\main.obj)

line level    source

   1          /***************************************************************************************
   2          实验名称：  单片机串口实验
   3          
   4          实验模块：  STC8A核心板-V2.1
   5          
   6          实验接线：   STC8A核心板    ---------   PC
   7                     USB_TTL P1     --------- USB接口
   8                     注：STC8A核心板用扁对方口USB连接电脑
   9                  
  10          现象描述：  使用扁对方USB线连接核心板和电脑。注意：连接核心板USB_TTL 接口，不是下载接口。
  11                    打开串口调试助手即可进行串口通信
  12          
  13          使用STC-ISP下载时请注意在【硬件选项】的第一项【输入用户程序运行时的IRC频率】
  14          软件默认是11.0592MHz  但我们程序用的都是24MHz，所以我们需要手动输入或者下拉选择
  15          24MHz然后再点击下载即可。然后即可看到右下方窗口提示
  16            . 用户设定频率: 24.000MHz
  17            . 调节后的频率: 24.000MHz
  18            . 频率调节误差: 0.000%
  19          
  20          更新时间：2022.06.07
  21          *****************************************************************************************/
  22          
  23          #include <intrins.h>
  24          #include <stdio.h>
  25          #include "system.h"
  26          #include "led.h"
  27          #include "usart3.h"
  28          
  29          void main(void)
  30          { 
  31   1        System_Init();                    //系统初始化
  32   1        Led_Configure();                  //LED初始化
  33   1        Usart3_Configure(115200);             //串口三初始化
  34   1        while(1)
  35   1        { 
  36   2          Usart3_SendString("HELLO_BOY\n");       //循环打印字符
  37   2          Delay_ms(250);                  //延时
  38   2          LED0_TOGGLE();                  //闪烁LED0表示正在运行
  39   2          if(usart3_rx_start>0)             //检测是否有数据输入
  40   2          {
  41   3            Delay_ms(100);                //延时
  42   3            Usart3_SendString(usart3_rx_buf);     //发送接收到的数据
  43   3            while(usart3_rx_start)            //循环
  44   3            {
  45   4              usart3_rx_buf[usart3_rx_start] = 0;   //清除接收到并已经发送出去的数据
  46   4              usart3_rx_start --;
  47   4            }
  48   3          }
  49   2          Delay_ms(250);                  //延时
  50   2        }
  51   1      }
  52          
  53          //                                      endfile

C51 COMPILER V9.54   MAIN                                                                  06/07/2022 09:31:16 PAGE 2   


MODULE INFORMATION:   STATIC OVERLAYABLE
   CODE SIZE        =     94    ----
   CONSTANT SIZE    =     11    ----
   XDATA SIZE       =   ----    ----
   PDATA SIZE       =   ----    ----
   DATA SIZE        =   ----    ----
   IDATA SIZE       =   ----    ----
   BIT SIZE         =   ----    ----
END OF MODULE INFORMATION.


C51 COMPILATION COMPLETE.  0 WARNING(S),  0 ERROR(S)
