C51 COMPILER V9.54   MAIN                                                                  06/07/2022 21:33:08 PAGE 1   


C51 COMPILER V9.54, COMPILATION OF MODULE MAIN
OBJECT MODULE PLACED IN .\Objects\main.obj
COMPILER INVOKED BY: D:\Keil_v5\C51\BIN\C51.EXE main.c LARGE OPTIMIZE(8,SPEED) BROWSE INCDIR(..\HARDWARE;..\SYSTEM;..\US
                    -ER;..\HARDWARE\LCD12864;..\HARDWARE\KEY_4x4) DEBUG OBJECTEXTEND PRINT(.\Listings\main.lst) TABS(2) OBJECT(.\Objects\main
                    -.obj)

line level    source

   1          /***************************************************************************
   2          实验名称：  矩阵键盘实验
   3          
   4          实验模块:   STC8A核心板、主板区：矩阵键盘、12864图形液晶
   5          
   6          实验接线：  STC8A核心板   ----------   12864图形液晶
   7                      P0.0~P.07    ----------      BD0~BD7
   8                        P2.0       ----------      CS1
   9                        P2.1       ----------      CS2
  10                        P2.2       ----------      RS
  11                        P2.3       ----------      RW
  12                        P2.4       ----------      EN
  13                
  14                     STC8A核心板   ----------   矩阵键盘
  15                      P6.0~P6.7    ----------    ROW1~4 
  16                                                 LI_NE1~4
  17                      注：用8P排线连接核心板P6与矩阵按键MK1口                        
  18              
  19          现象描述：  LCD12864显示矩阵按键值。
  20          
  21          更新时间:  2022-06-07
  22          ***************************************************************************/
  23          
  24          #include <intrins.h>
  25          #include <system.h>
  26          #include "lcd12864.h"
  27          #include "key_4x4.h" 
  28          
  29          void main(void)
  30          {
  31   1        char num[2]  = {0};
  32   1        System_Init();
  33   1        LCD12864_Software_Init();         //液晶初始化 
  34   1        Show_Num(1,1,"Key_Num:");
  35   1        while(1)
  36   1        {
  37   2          num[0] = Get_KeyValue();
  38   2          Show_Num(12,1,num);
  39   2        }
  40   1      }


MODULE INFORMATION:   STATIC OVERLAYABLE
   CODE SIZE        =     61    ----
   CONSTANT SIZE    =     11    ----
   XDATA SIZE       =   ----       2
   PDATA SIZE       =   ----    ----
   DATA SIZE        =   ----    ----
   IDATA SIZE       =   ----    ----
   BIT SIZE         =   ----    ----
END OF MODULE INFORMATION.


C51 COMPILATION COMPLETE.  0 WARNING(S),  0 ERROR(S)
