C51 COMPILER V9.54   MAIN                                                                  06/07/2022 11:04:05 PAGE 1   


C51 COMPILER V9.54, COMPILATION OF MODULE MAIN
OBJECT MODULE PLACED IN .\Objects\main.obj
COMPILER INVOKED BY: D:\Keil_v5\C51\BIN\C51.EXE main.c LARGE OPTIMIZE(8,SPEED) BROWSE INCDIR(..\HARDWARE;..\SYSTEM;..\US
                    -ER;..\HARDWARE\beep) DEBUG OBJECTEXTEND PRINT(.\Listings\main.lst) TABS(2) OBJECT(.\Objects\main.obj)

line level    source

   1          /***************************************************************************
   2          实验名称：逻辑驱动型蜂鸣器实验
   3          
   4          实验模块：  STC8A核心板-V2.1、主板区 BUZZER-Logic蜂鸣器
   5          
   6          实验接线：    STC8A核心板   -----------   BUZZER-Logic蜂鸣器
   7                         P1.0       -----------        LOG                                         
   8                      
   9          现象描述：  蜂鸣器间断性鸣响
  10          
  11          更新时间：2022.06.07
  12          ***************************************************************************/
  13          #include "intrins.h"
  14          #include "system.h"
  15          #include "beep.h"
  16          
  17          
  18          void main(void)
  19          {
  20   1        
  21   1        System_Init();       //系统初始化
  22   1        Beep_Configure();       //蜂鸣器初始化
  23   1        
  24   1        while(1)
  25   1        {
  26   2          BEEP(1);          //鸣叫蜂鸣器
  27   2          Delay_ms(300);        //延时
  28   2          BEEP(0);          //停止鸣叫蜂鸣器
  29   2          Delay_ms(300);        //延时
  30   2        }
  31   1      }
  32          
  33          //                                      endfile


MODULE INFORMATION:   STATIC OVERLAYABLE
   CODE SIZE        =     26    ----
   CONSTANT SIZE    =   ----    ----
   XDATA SIZE       =   ----    ----
   PDATA SIZE       =   ----    ----
   DATA SIZE        =   ----    ----
   IDATA SIZE       =   ----    ----
   BIT SIZE         =   ----    ----
END OF MODULE INFORMATION.


C51 COMPILATION COMPLETE.  0 WARNING(S),  0 ERROR(S)
