C51 COMPILER V9.01   SYSTEM                                                                07/15/2023 19:25:56 PAGE 1   


C51 COMPILER V9.01, COMPILATION OF MODULE SYSTEM
OBJECT MODULE PLACED IN .\System.obj
COMPILER INVOKED BY: C:\Keil\C51\BIN\C51.EXE D:\电子设计大赛\单片机\big dick\System.c BROWSE DEBUG OBJECTEXTEND PRINT(.\
                    -System.lst) OBJECT(.\System.obj)

line level    source

   1          //包含头文件
   2          #include "system.h"  // 系统文件 不建议修改
   3          
   4          /***********************************************
   5          函数名称：Delay_ms
   6          功    能：STC8系列单片机1ms延时程序
   7          入口参数：ms:延时的毫秒数
   8          返 回 值：无    
   9          备    注：示波器实测：1.01ms，内部时钟：24MHz           
  10          ************************************************/
  11          void Delay_ms(unsigned int ms)
  12          {
  13   1        unsigned int i;
  14   1        while( (ms--) != 0)
  15   1        {
  16   2          for(i = 0; i < 1850; i++); 
  17   2        }             
  18   1      }
  19          
  20          /***********************************************
  21          函数名称：System_Init
  22          功    能：单片机系统初始化
  23          入口参数：无
  24          返 回 值：无    
  25          备    注：STC-ISP下载软件中选择IRC频率：24MHz   
  26                    以下的函数和宏定义，请参考
  27                            STC8A8K64S4A12.H文件中的注释
  28          ************************************************/
  29          void System_Init(void)
  30          {               
  31   1              Delay_ms(300);                                                  //延时等待上电稳定
  32   1              SetBits(P_SW2,EAXFR);                                   //允许访问特殊功能寄存器
  33   1              SetBits(IRC24MCR,ENIRC24M);                             //使能内部24M IRC       
  34   1              while (!(IRC24MCR & IRC24MST));                 //等待时钟稳定
  35   1              ClrBits(CKSEL,Bits_ALL);                        //选择内部24M IRC，时钟不输出
  36   1              ClrBits(CLKDIV,Bits_ALL);                       //主时钟不分频
  37   1              ClrBits(P_SW2,EAXFR);                                   //关闭访问特殊功能寄存器 
  38   1              
  39   1              //复位脚用作IO口P54
  40   1              ClrBits(RSTCFG,P54RST);
  41   1              
  42   1              //全部端口设置为高阻    
  43   1              //P0端口设置为高阻
  44   1              P0_Mode_HighZ(PIN_ALL);
  45   1              //P1端口设置为高阻
  46   1              P1_Mode_HighZ(PIN_ALL);
  47   1              //P2端口设置为高阻
  48   1              P2_Mode_HighZ(PIN_ALL);
  49   1              //P4端口设置为高阻
  50   1              P4_Mode_HighZ(PIN_ALL);
  51   1              //P5端口设置为高阻
  52   1              P5_Mode_HighZ(PIN_ALL);
  53   1              //P6端口设置为高阻
  54   1              P6_Mode_HighZ(PIN_ALL);
C51 COMPILER V9.01   SYSTEM                                                                07/15/2023 19:25:56 PAGE 2   

  55   1              //P7端口设置为高阻
  56   1              P7_Mode_HighZ(PIN_ALL); 
  57   1              
  58   1              
  59   1              //将P30 P31 设置为准双向口，用于下载
  60   1              P3_Mode_PullUp(PIN_0|PIN_1);    
  61   1              //P3其他端口设置为高阻
  62   1              P3_Mode_HighZ(PIN_2|PIN_3|PIN_4|PIN_5|PIN_6|PIN_7);
  63   1      }
  64          
  65          


MODULE INFORMATION:   STATIC OVERLAYABLE
   CODE SIZE        =    118    ----
   CONSTANT SIZE    =   ----    ----
   XDATA SIZE       =   ----    ----
   PDATA SIZE       =   ----    ----
   DATA SIZE        =   ----    ----
   IDATA SIZE       =   ----    ----
   BIT SIZE         =   ----    ----
END OF MODULE INFORMATION.


C51 COMPILATION COMPLETE.  0 WARNING(S),  0 ERROR(S)
