C51 COMPILER V9.54   TIMER                                                                 03/28/2023 15:34:41 PAGE 1   


C51 COMPILER V9.54, COMPILATION OF MODULE TIMER
OBJECT MODULE PLACED IN .\Objects\timer.obj
COMPILER INVOKED BY: C:\Keil_v5\C51\BIN\C51.EXE ..\HARDWARE\timer\timer.c LARGE OPTIMIZE(8,SPEED) BROWSE INCDIR(..\HARDW
                    -ARE;..\SYSTEM;..\USER;..\HARDWARE\led;..\HARDWARE\timer) DEBUG OBJECTEXTEND PRINT(.\Listings\timer.lst) TABS(2) OBJECT(.
                    -\Objects\timer.obj)

line level    source

   1          #include "system.h"
   2          #include "led.h"
   3          #include "timer.h"
   4          
   5          uint16_t time0_cnt = 0;
   6          /**************************************************
   7          函数名称：Timer0_Configure
   8          函数说明：定时器0初始化配置函数
   9          输入参数：  无      
  10          返 回 值：  无      
  11          **************************************************/
  12          void Timer0_Configure(void)
  13          {
  14   1        ClrBits(AUXR,T0x12);//定时器0时钟12T模式
  15   1        //设置定时器0模式 十六位自动重载方式
  16   1        ClrBits(TMOD,T0_GATE|T0_CT|T0_M1|T0_M0);
  17   1        //定时 1ms 触发一次中断 
  18   1        TL0 = 0x30;     //设置定时初值
  19   1        TH0 = 0xF8;     //设置定时初值
  20   1        TF0 = 0;      //清除TF0标志
  21   1        TR0 = 1;      //定时器0开始计时 
  22   1        ET0 = 1;      //使能T0中断
  23   1        EA  = 1;      //使能总中断    
  24   1      }
  25          
  26          /**************************************************
  27          函数名称：Timer0_IRQHandler(void) interrupt TIMER0_VECTOR
  28          函数说明：定时器0中断服务函数  TIMER0_VECTOR 定时器0中断  
  29          输入参数：  无      
  30          返 回 值：  无      
  31          **************************************************/
  32          void Timer0_IRQHandler(void) interrupt TIMER0_VECTOR
  33          {
  34   1        time0_cnt++;        //计数器加1
  35   1        if(time0_cnt%1000==0)   //判断值计数值
  36   1        {
  37   2          LED0_TOGGLE();      //将LED0端口状态取反,频率为2Hz
  38   2        }
  39   1        if(time0_cnt%500==0)    //判断值计数值
  40   1        {
  41   2          LED1_TOGGLE();      //将LED1端口状态取反,频率为5Hz
  42   2        }
  43   1        if(time0_cnt%250==0)    //判断值计数值
  44   1        {
  45   2          LED2_TOGGLE();      //将LED2端口状态取反,频率为10Hz
  46   2        }
  47   1        if(time0_cnt%125==0)    //判断值计数值
  48   1        {
  49   2          LED3_TOGGLE();      //将LED3端口状态取反,频率为25Hz
  50   2        }
  51   1        if(time0_cnt==1000)     //判断值计数值
  52   1        {
  53   2          time0_cnt=0;      //计数器清零
C51 COMPILER V9.54   TIMER                                                                 03/28/2023 15:34:41 PAGE 2   

  54   2        }
  55   1      }
  56          
  57          //                                      endfile


MODULE INFORMATION:   STATIC OVERLAYABLE
   CODE SIZE        =    186    ----
   CONSTANT SIZE    =   ----    ----
   XDATA SIZE       =      2    ----
   PDATA SIZE       =   ----    ----
   DATA SIZE        =   ----    ----
   IDATA SIZE       =   ----    ----
   BIT SIZE         =   ----    ----
END OF MODULE INFORMATION.


C51 COMPILATION COMPLETE.  0 WARNING(S),  0 ERROR(S)
