C51 COMPILER V9.01   MAIN                                                                  07/17/2023 14:45:48 PAGE 1   


C51 COMPILER V9.01, COMPILATION OF MODULE MAIN
OBJECT MODULE PLACED IN .\Objects\main.obj
COMPILER INVOKED BY: C:\Keil\C51\BIN\C51.EXE main.c LARGE BROWSE INCDIR(..\HARDWARE;..\SYSTEM;..\USER;..\HARDWARE\key;..
                    -\HARDWARE\led) DEBUG OBJECTEXTEND PRINT(.\Listings\main.lst) OBJECT(.\Objects\main.obj)

line level    source

   1          /***************************************************************************
   2          实验名称：      按键检测实验
   3          
   4          实验模块：      STC8A核心板v2.1
   5          
   6          实验接线：      P4上需要加上连接P3.2--INT0和P3.3--INT1的跳帽
   7                                              
   8                                                          
   9          现象描述：      按下按键INT0，左边两个灯点亮。按下INT1，右边两个灯点亮
  10                                      一个按键未按下则全部熄灭。
  11          
  12          使用STC-ISP下载时请注意在【硬件选项】的第一项【输入用户程序运行是的IRC频率】
  13          软件默认是11.0592MHz    但我们程序用的都是24MHz，所以我们需要手动输入或者下拉选择
  14          24MHz然后再点击下载即可。然后即可看到右下方窗口提示
  15            . 用户设定频率: 24.000MHz
  16            . 调节后的频率: 24.000MHz
  17            . 频率调节误差: 0.000%
  18            
  19          更新时间：2022.06.07
  20          ***************************************************************************/
  21          
  22          #include <intrins.h>
  23          #include "system.h"
  24          #include "led.h"
  25          #include "key.h"
  26          
  27          
  28          void main(void)
  29          {
  30   1              uint8_t key = 0;
  31   1              System_Init();                                          //系统初始化
  32   1              Key_Configure();                                        //按键初始化
  33   1              Led_Configure();                                        //LED初始化
  34   1              while(1)
  35   1              {
  36   2                      //获取扫描键值
  37   2                      key = Key_Scan();
  38   2                      switch(key)
  39   2                      {
  40   3                              case KEY0_NUM:  LED0(1);        //点亮DS1
  41   3                                                              LED1(1);        //点亮DS2
  42   3                                                              break;
  43   3                              case KEY1_NUM:  LED2(1);        //点亮DS3
  44   3                                                              LED3(1);        //点亮DS4
  45   3                                                              break;
  46   3                              default:                LED0(0);        //LED全部熄灭
  47   3                                                              LED1(0);        
  48   3                                                              LED2(0);        
  49   3                                                              LED3(0);
  50   3                                                              break;
  51   3                      }
  52   2                      key=0;
  53   2              }
  54   1      }
C51 COMPILER V9.01   MAIN                                                                  07/17/2023 14:45:48 PAGE 2   

  55          
  56          //                                      endfile


MODULE INFORMATION:   STATIC OVERLAYABLE
   CODE SIZE        =     56    ----
   CONSTANT SIZE    =   ----    ----
   XDATA SIZE       =   ----       1
   PDATA SIZE       =   ----    ----
   DATA SIZE        =   ----    ----
   IDATA SIZE       =   ----    ----
   BIT SIZE         =   ----    ----
END OF MODULE INFORMATION.


C51 COMPILATION COMPLETE.  0 WARNING(S),  0 ERROR(S)
