C51 COMPILER V9.54   8255IO                                                                06/07/2022 16:07:20 PAGE 1   


C51 COMPILER V9.54, COMPILATION OF MODULE 8255IO
OBJECT MODULE PLACED IN .\Objects\8255io.obj
COMPILER INVOKED BY: D:\Keil_v5\C51\BIN\C51.EXE ..\HARDWARE\8255io\8255io.c LARGE OPTIMIZE(8,SPEED) BROWSE INCDIR(..\HAR
                    -DWARE;..\SYSTEM;..\USER;..\HARDWARE\key;..\HARDWARE\led;..\HARDWARE\8255io) DEBUG OBJECTEXTEND PRINT(.\Listings\8255io.l
                    -st) TABS(2) OBJECT(.\Objects\8255io.obj)

line level    source

   1          #include "system.h"
   2          #include "8255io.h"
   3          
   4          /**************************************************
   5          函数名称：IO_8255_Init
   6          函数说明：IO口初始化
   7          输入参数：  无      
   8          返 回 值：  无      
   9          **************************************************/
  10          void IO_8255_Init(void)
  11          {
  12   1        P3_Mode_OUT_PP(0x1F);//推挽输出
  13   1      }
  14          
  15          /**************************************************
  16          函数名称：Data_8255_In
  17          函数说明：8255输入配置
  18          输入参数：  无      
  19          返 回 值：  无      
  20          **************************************************/
  21          void Data_8255_In(void)
  22          {
  23   1        
  24   1        P2_Mode_HighZ(PIN_ALL);//输入
  25   1      
  26   1      }
  27          
  28          /**************************************************
  29          函数名称：Data_8255_In
  30          函数说明：8255输出配置
  31          输入参数：  无      
  32          返 回 值：  无      
  33          **************************************************/
  34          void Data_8255_Out(void)
  35          {
  36   1        P2_Mode_OUT_PP(PIN_ALL);//推挽输出
  37   1      }
  38          
  39          /**************************************************
  40          函数名称：Write_8255
  41          函数说明：8255写入IO配置
  42          输入参数：  无      
  43          返 回 值：  无      
  44          **************************************************/
  45          void Write_8255(char x,uint8_t y)
  46          {
  47   1          Data_8255_Out();
  48   1          if(x==0)//写端口A
  49   1          {
  50   2              CS_ =0;
  51   2              A1_ = 0;
  52   2              A0_ = 0;
  53   2              RD_ = 1;
C51 COMPILER V9.54   8255IO                                                                06/07/2022 16:07:20 PAGE 2   

  54   2              DATA_IO = y;
  55   2              WR_ = 0;
  56   2              Delay_ms(10);
  57   2              WR_ = 1;
  58   2          }
  59   1          if(x==1)//写端口B
  60   1          {
  61   2              CS_=0;
  62   2              A1_ = 0;
  63   2              A0_ = 1;
  64   2              RD_ = 1;
  65   2          DATA_IO = y;
  66   2          WR_ = 0;
  67   2              Delay_ms(10);
  68   2              WR_ = 1;
  69   2          
  70   2          }
  71   1          if(x==2)//写端口C
  72   1          {
  73   2              CS_=0;
  74   2              A1_ = 1;
  75   2              A0_ = 0;
  76   2              RD_ = 1;
  77   2              DATA_IO = y;
  78   2              WR_ = 0;
  79   2              Delay_ms(10);
  80   2              WR_ = 1;
  81   2          }
  82   1          if(x==3)//写控制寄存器
  83   1          {
  84   2          CS_=0;
  85   2              A1_ = 1;
  86   2              A0_ = 1;
  87   2              RD_ = 1;  
  88   2          DATA_IO=y;
  89   2              WR_ = 0;
  90   2          Delay_ms(10);
  91   2          WR_ = 1;
  92   2          }
  93   1      }
  94          
  95          /**************************************************
  96          函数名称：Read_8255
  97          函数说明：8255读命令
  98          输入参数：  无      
  99          返 回 值：  无      
 100          **************************************************/
 101           uint8_t Read_8255(char x)
 102          { 
 103   1        uint8_t Y;
 104   1        Data_8255_In();
 105   1          if(x==0)//读端口A
 106   1          {
 107   2              CS_ = 0;
 108   2              A1_ = 0;
 109   2              A0_ = 0;
 110   2          WR_= 1;
 111   2          RD_= 0;
 112   2          Delay_ms(10);
 113   2          Y = DATA_IO;
 114   2          RD_ = 1;  
 115   2          }
C51 COMPILER V9.54   8255IO                                                                06/07/2022 16:07:20 PAGE 3   

 116   1          if(x==1)//读端口B
 117   1          {
 118   2      
 119   2              CS_=0;
 120   2              A1_ = 0;
 121   2              A0_ = 1;
 122   2              WR_ = 1;
 123   2              RD_ = 0;
 124   2              Delay_ms(10);
 125   2          Y = DATA_IO;
 126   2              RD_ = 1;
 127   2          }
 128   1          if(x==2)//读端口C
 129   1          {
 130   2              CS_ = 0;
 131   2              A1_ = 1;
 132   2              A0_ = 0;
 133   2              WR_ = 1;
 134   2              RD_ = 0;
 135   2              Delay_ms(10);
 136   2          Y = DATA_IO;
 137   2              RD_ = 1;
 138   2          }
 139   1        return Y;
 140   1      }


MODULE INFORMATION:   STATIC OVERLAYABLE
   CODE SIZE        =    257    ----
   CONSTANT SIZE    =   ----    ----
   XDATA SIZE       =   ----       4
   PDATA SIZE       =   ----    ----
   DATA SIZE        =   ----    ----
   IDATA SIZE       =   ----    ----
   BIT SIZE         =   ----    ----
END OF MODULE INFORMATION.


C51 COMPILATION COMPLETE.  0 WARNING(S),  0 ERROR(S)
