C51 COMPILER V9.54   DAC                                                                   06/08/2022 10:34:50 PAGE 1   


C51 COMPILER V9.54, COMPILATION OF MODULE DAC
OBJECT MODULE PLACED IN .\Objects\dac.obj
COMPILER INVOKED BY: D:\Keil_v5\C51\BIN\C51.EXE ..\HARDWARE\DAC\dac.c LARGE OPTIMIZE(8,SPEED) BROWSE INCDIR(..\HARDWARE;
                    -..\SYSTEM;..\USER;..\HARDWARE\DAC) DEBUG OBJECTEXTEND PRINT(.\Listings\dac.lst) TABS(2) OBJECT(.\Objects\dac.obj)

line level    source

   1          #include "dac.h"
   2          
   3          /***********************************************
   4          函数名称：DAC_Init
   5          功    能：IO初始化
   6          入口参数：无
   7          返 回 值：无
   8          ************************************************/
   9          void DAC_Init(void)
  10          {
  11   1          P2M1 = 0x00;       //将P2^0~P2^3 设置为推挽输出模式
  12   1          P2M0 = 0xff;
  13   1      }
  14          
  15          /***********************************************
  16          函数名称：DAC_Start
  17          功    能：DA转换函数
  18          入口参数：无
  19          返 回 值：无
  20          ************************************************/
  21          void DAC_Start(uint8_t DA_DATA)
  22          {
  23   1      
  24   1          uint8_t i;
  25   1          uint8_t a, temp;
  26   1      
  27   1          LOAD = 1;
  28   1      
  29   1          for(i = 0; i < 8; i++)
  30   1          {
  31   2              SCLK = 1;
  32   2      
  33   2              a = DA_DATA & 0x80;
  34   2      
  35   2              if(a == 0x80)
  36   2              {
  37   3                  Data_in = 1;
  38   3              }
  39   2              else
  40   2                  Data_in = 0;
  41   2      
  42   2              SCLK = 0;
  43   2      
  44   2              temp = DA_DATA << 1;
  45   2              DA_DATA = temp;
  46   2          }
  47   1      
  48   1          LOAD = 0;
  49   1          LOAD = 1;
  50   1      }
  51          
  52          /***********************************************
  53          函数名称：Output_channel
  54          功    能：输出通道选择
C51 COMPILER V9.54   DAC                                                                   06/08/2022 10:34:50 PAGE 2   

  55          入口参数：channel 0~3
  56          返 回 值：无
  57          ************************************************/
  58          void Output_channel(uint8_t channel)
  59          {
  60   1          uint8_t i;
  61   1      
  62   1          switch(channel)
  63   1          {
  64   2              case 0:
  65   2                  for(i = 0; i < 2; i++)
  66   2                  {
  67   3                      SCLK = 1;
  68   3                      Data_in = 0;
  69   3                      SCLK = 0;
  70   3                  };
  71   2      
  72   2                  break;
  73   2      
  74   2              case 1:
  75   2                  SCLK = 1;
  76   2                  Data_in = 0;
  77   2                  SCLK = 0;
  78   2                  SCLK = 1;
  79   2                  Data_in = 1;
  80   2                  SCLK = 0;
  81   2                  break;
  82   2      
  83   2              case 2:
  84   2                  SCLK = 1;
  85   2                  Data_in = 1;
  86   2                  SCLK = 0;
  87   2                  SCLK = 1;
  88   2                  Data_in = 0;
  89   2                  SCLK = 0;
  90   2                  break;
  91   2      
  92   2              case 3:
  93   2                  SCLK = 1;
  94   2                  Data_in = 1;
  95   2                  SCLK = 0;
  96   2                  SCLK = 1;
  97   2                  Data_in = 1;
  98   2                  SCLK = 0;
  99   2                  break;
 100   2      
 101   2              default:
 102   2                  break;
 103   2          }
 104   1      }
 105          
 106          /***********************************************
 107          函数名称：Write_RNG
 108          功    能：设置输出电压范围（详见TLC5620数据手册）
 109          入口参数： RNG_value
 110          返 回 值：无
 111          ************************************************/
 112          void Write_RNG(uint8_t RNG_value)  
 113          {
 114   1          SCLK = 1;
 115   1          Data_in = RNG_value;
 116   1          SCLK = 0;
C51 COMPILER V9.54   DAC                                                                   06/08/2022 10:34:50 PAGE 3   

 117   1      }


MODULE INFORMATION:   STATIC OVERLAYABLE
   CODE SIZE        =    112    ----
   CONSTANT SIZE    =   ----    ----
   XDATA SIZE       =   ----    ----
   PDATA SIZE       =   ----    ----
   DATA SIZE        =   ----    ----
   IDATA SIZE       =   ----    ----
   BIT SIZE         =   ----    ----
END OF MODULE INFORMATION.


C51 COMPILATION COMPLETE.  0 WARNING(S),  0 ERROR(S)
