C51 COMPILER V9.54   MAIN                                                                  06/07/2022 14:48:14 PAGE 1   


C51 COMPILER V9.54, COMPILATION OF MODULE MAIN
OBJECT MODULE PLACED IN .\Objects\main.obj
COMPILER INVOKED BY: D:\Keil_v5\C51\BIN\C51.EXE main.c LARGE OPTIMIZE(8,SPEED) BROWSE INCDIR(..\HARDWARE;..\SYSTEM;..\US
                    -ER;..\HARDWARE\LCD12864;..\HARDWARE\PCF_IIC;..\HARDWARE\PCF8563) DEBUG OBJECTEXTEND PRINT(.\Listings\main.lst) TABS(2) O
                    -BJECT(.\Objects\main.obj)

line level    source

   1          /***************************************************************************
   2          实验名称：  图形液晶显示实验
   3          
   4          实验模块:   STC8A核心板-V2.1、主板区 12864 图形液晶显示
   5          
   6          实验接线：  STC8A核心板   ----------   12864图形液晶显示
   7                      P0.0~P0.7    ----------      BD0~BD7
   8                        P2.0       ----------       CS1
   9                        P2.1       ----------       CS2
  10                        P2.2       ----------       RS
  11                        P2.3       ----------       RW
  12                        P2.4       ----------       EN
  13                    
  14          现象描述： LCD12864显示计数
  15          
  16          更新时间:  2022-06-06
  17          ***************************************************************************/
  18          
  19          #include <intrins.h>
  20          #include <system.h>
  21          #include "lcd12864.h"
  22          #include "stdio.h" 
  23          
  24          void main(void)
  25          {
  26   1        int i = 0;
  27   1        char show[9]={0};
  28   1        System_Init();
  29   1        LCD12864_Software_Init();         //液晶初始化
  30   1        Show_Num(4,1,"LCD12864");
  31   1        Show_Num(2,3,"NUM:");
  32   1        while(1)
  33   1        {
  34   2          i++;
  35   2          sprintf(show,"%5d",i);
  36   2          Show_Num(8,3,show);
  37   2          if(i>9999)
  38   2          {
  39   3            i=0;
  40   3          }
  41   2          Delay_ms(100);
  42   2        }
  43   1      }


MODULE INFORMATION:   STATIC OVERLAYABLE
   CODE SIZE        =    152    ----
   CONSTANT SIZE    =     27    ----
   XDATA SIZE       =   ----      11
   PDATA SIZE       =   ----    ----
   DATA SIZE        =   ----    ----
   IDATA SIZE       =   ----    ----
   BIT SIZE         =   ----    ----
C51 COMPILER V9.54   MAIN                                                                  06/07/2022 14:48:14 PAGE 2   

END OF MODULE INFORMATION.


C51 COMPILATION COMPLETE.  0 WARNING(S),  0 ERROR(S)
