C51 COMPILER V9.54   LCD12864                                                              06/08/2022 10:03:08 PAGE 1   


C51 COMPILER V9.54, COMPILATION OF MODULE LCD12864
OBJECT MODULE PLACED IN .\Objects\lcd12864.obj
COMPILER INVOKED BY: D:\Keil_v5\C51\BIN\C51.EXE ..\HARDWARE\LCD12864\lcd12864.c LARGE OPTIMIZE(8,SPEED) BROWSE INCDIR(..
                    -\HARDWARE;..\SYSTEM;..\USER;..\HARDWARE\ADC;..\HARDWARE\LCD12864) DEBUG OBJECTEXTEND PRINT(.\Listings\lcd12864.lst) TABS
                    -(2) OBJECT(.\Objects\lcd12864.obj)

line level    source

   1          #include <system.h>
   2          #include "lcd12864.h"
   3          #include "lcdziku.h"
   4             
   5          /***********************************************
   6          函数名称：SendCommandToLCD
   7          功    能：写命令到LCD中
   8          入口参数：com 指令
   9          返 回 值：无  
  10          ************************************************/
  11          void SendCommandToLCD(uint8_t com)
  12          {
  13   1        Delay_us(10);
  14   1        RS(0);
  15   1        Delay_us(10);
  16   1        RW(0);  
  17   1        ClrBits(GPIO_DAT,PINS_DATA);  
  18   1        SetBits(GPIO_DAT,com);
  19   1        Delay_us(100);  
  20   1        EN(1);
  21   1        Delay_us(10);   
  22   1        EN(0);  
  23   1        Delay_us(10); 
  24   1        ClrBits(GPIO_DAT,PINS_DATA);
  25   1      }
  26          
  27          /*********************************************************************
  28          函数名称：SetLCD
  29          功    能：设置首地址
  30          入口参数：page： 设置页 startline：设定显示开始行  olumn：设定列地址
  31          返 回 值：无  
  32          **********************************************************************/
  33          void SetLCD(uint8_t page,uint8_t startline,uint8_t column)
  34          {
  35   1        Delay_us(10);
  36   1        SetLine(page);
  37   1        Delay_us(10);
  38   1        SetStartLine(startline); 
  39   1        Delay_us(10);
  40   1        SetColumn(column);
  41   1        Delay_us(10);
  42   1      }
  43           /*设置页 0xb8是页的首地址*/
  44          void SetLine(uint8_t page)  
  45          {
  46   1          page=0xb8|page; //1011 1xxx 0<=page<=7 设定页地址--X 0-7,8行为一页64/8=8，共8页
  47   1          SendCommandToLCD(page);
  48   1      }
  49          
  50           /*设定显示开始行，0xc0是行的首地址*/
  51          void SetStartLine(uint8_t startline)     
  52          {
  53   1          startline=0xc0|startline; //1100 0000
C51 COMPILER V9.54   LCD12864                                                              06/08/2022 10:03:08 PAGE 2   

  54   1          SendCommandToLCD(startline); //设置从哪行开始：0--63，一般从0 行开始显示
  55   1      }
  56          
  57           /*设定列地址--Y 0-63 ，0x40是列的首地址*/
  58          void SetColumn(uint8_t column)  
  59          {
  60   1          column=column &0x3f; //column最大值为64，越出 0=<column<=63
  61   1          column= 0x40|column; //01xx xxxx
  62   1          SendCommandToLCD(column);
  63   1      }
  64          
  65           
  66           /*开关显示，0x3f是开显示，0x3e是关显示*/
  67          void SetOnOff(uint8_t onoff)     
  68          {
  69   1        onoff=0x3e|onoff; //0011 111x,onoff只能为0或者1
  70   1        SendCommandToLCD(onoff);
  71   1      }
  72          
  73          /***********************************************
  74          函数名称：LCD12864_WriteByte
  75          功    能：写显示数据
  76          入口参数：dat 数据
  77          返 回 值：无  
  78          ************************************************/
  79          void LCD12864_WriteByte(uint8_t dat)  
  80          {
  81   1        Delay_us(10);
  82   1          RS(1);
  83   1          Delay_us(10);
  84   1          RW(0);  
  85   1          Delay_us(10); 
  86   1          EN(0);  
  87   1        ClrBits(GPIO_DAT,PINS_DATA);
  88   1          SetBits(GPIO_DAT,dat);
  89   1          Delay_us(100);    
  90   1          EN(1);
  91   1          Delay_us(10); 
  92   1          EN(0);
  93   1          Delay_us(10); 
  94   1          ClrBits(GPIO_DAT,PINS_DATA);
  95   1      }
  96          
  97          
  98          
  99          /***********************************************
 100          函数名称：SelectScreen
 101          功    能：选择屏幕显示
 102          入口参数：选择屏幕screen: 0-全屏,1-左屏,2-右屏
 103          返 回 值：无  
 104          ************************************************/
 105          void SelectScreen(uint8_t screen)   
 106          {              
 107   1         switch(screen)
 108   1         { 
 109   2           case 0: CS1(0);//全屏
 110   2                   Delay_us(10);
 111   2                   CS2(0); 
 112   2                   Delay_us(10);
 113   2                   break; 
 114   2           case 1: CS1(1);//左屏
 115   2                   Delay_us(10);
C51 COMPILER V9.54   LCD12864                                                              06/08/2022 10:03:08 PAGE 3   

 116   2                   CS2(0);
 117   2                   Delay_us(10);
 118   2                   break;
 119   2           case 2: CS1(0);//右屏
 120   2                   Delay_us(10);
 121   2                   CS2(1);
 122   2                   Delay_us(10); 
 123   2                   break;
 124   2           default:break;
 125   2         }
 126   1      }
 127          
 128          /***********************************************
 129          函数名称：ClearScreen
 130          功    能：清屏
 131          入口参数：清屏screen: 0-全屏,1-左屏,2-右
 132          返 回 值：无  
 133          ************************************************/
 134          void ClearScreen(uint8_t screen)    //显示汉字时，在字库中添加新的汉字码是，注意也要在当前show_hz中改变清屏
             -码的位子
 135          {                                   //
 136   1        for(screen=0;screen<8;screen++)
 137   1        {
 138   2              Show_Hz(screen,0,8);
 139   2              Show_Hz(screen,1,8);
 140   2              Show_Hz(screen,2,8);
 141   2              Show_Hz(screen,3,8);
 142   2              Show_Hz(screen,4,8);
 143   2              Show_Hz(screen,5,8);
 144   2              Show_Hz(screen,6,8);
 145   2              Show_Hz(screen,7,8);
 146   2        }      
 147   1      }
 148          
 149          /***********************************************
 150          函数名称：lcd_rol
 151          功    能：向上滚屏  这里用做滚动显示
 152          入口参数：无
 153          返 回 值：无  
 154          ************************************************/
 155          void lcd_rol(void)          
 156          {
 157   1          uint8_t i;
 158   1          for(i = 0; i < 64; i++)
 159   1          {
 160   2              CS1(0); // 片选1
 161   2              SendCommandToLCD(0xc0+i);
 162   2              CS1(1); 
 163   2              CS2(0); // 片选2
 164   2              SendCommandToLCD(0xc0+62-i);
 165   2              CS2(0); // 片选2
 166   2              Delay_us(10);
 167   2          }
 168   1      } 
 169          
 170          /***********************************************
 171          函数名称：LCD12864_Software_Init
 172          功    能：初始化LCD
 173          入口参数：无
 174          返 回 值：无  
 175          ************************************************/
 176          void LCD12864_Software_Init(void)     
C51 COMPILER V9.54   LCD12864                                                              06/08/2022 10:03:08 PAGE 4   

 177          { 
 178   1        LCD_ALL_DIR_OUT();
 179   1        Delay_us(10);
 180   1        SelectScreen(0);
 181   1        SetOnOff(0); //关显示
 182   1        Delay_us(10);
 183   1        SelectScreen(0);
 184   1        SetOnOff(1); //开显示
 185   1        Delay_us(10);
 186   1        SelectScreen(0);
 187   1        ClearScreen(0);//清屏
 188   1        Delay_us(10);
 189   1        SetStartLine(0); //开始行:0
 190   1        Delay_us(10);
 191   1        SetOnOff(0x3f); //开显示
 192   1        Delay_us(10);
 193   1        ClearScreen(0);//清屏
 194   1        Delay_us(10);
 195   1      }
 196          
 197          /************************************************************
 198          函数名称：Show_Hz
 199          功    能：汉字显示函数
 200          入口参数：X：横坐标值，Y：纵坐标值，hz：在字库中的第几个汉字
 201          返 回 值：无  
 202          *************************************************************/
 203          void Show_Hz(uint8_t x,uint8_t y,uint8_t hz)
 204          {   
 205   1        uint8_t l_r=0;
 206   1        if(x<=3)
 207   1          l_r=1;
 208   1        else 
 209   1          l_r =2;
 210   1        Display(l_r,y*2,x*16,hz);
 211   1      }
 212          
 213          /************************************************************
 214          函数名称：Show_Num
 215          功    能：字母、数字、字符串显示函数
 216          入口参数：X：横坐标值，Y：纵坐标值，str：是需要显示的内容
 217          返 回 值：无  
 218          *************************************************************/
 219          void Show_Num(uint8_t x,uint8_t y,char*str)
 220          {   
 221   1        uint8_t l_r=0,i=0;
 222   1        while(*str != '\0')
 223   1        {
 224   2          if(x>15)
 225   2          {x=0;i+=2;}
 226   2          if(x<8)l_r=1;
 227   2          else l_r =2;
 228   2          Displayen(l_r,y*2+i,x*8,*str++);
 229   2          x++;  
 230   2        }
 231   1      }
 232          
 233          /**********************************************************************
 234          函数名称：Display
 235          功    能：显示全角汉字
 236          入口参数：SS选屏参数，pagr选页参数，column选列参数，number选第几汉字输出
 237          返 回 值：无  
 238          ***********************************************************************/
C51 COMPILER V9.54   LCD12864                                                              06/08/2022 10:03:08 PAGE 5   

 239          void Display(uint8_t ss,uint8_t page,uint8_t column,uint8_t number)
 240          {
 241   1        int i;  //选屏参数，pagr选页参数，column选列参数，number选第几汉字输出
 242   1        SetOnOff(0x3f);     //开显示
 243   1        SelectScreen(ss);
 244   1        column=column&0x3f;
 245   1        SetLine(page);      //写上半页
 246   1        SetColumn(column);    //控制列
 247   1        for(i=0;i<16;i++)     //控制16列的数据输出
 248   1        {
 249   2          LCD12864_WriteByte(Hzk[i+32*number]); //i+32*number汉字的前16个数据输出 
 250   2        }
 251   1        SetLine(page+1);    //写下半页
 252   1        SetColumn(column);    //控制列
 253   1          for(i=0;i<16;i++)     //控制16列的数据输出
 254   1        {
 255   2          LCD12864_WriteByte(Hzk[i+32*number+16]);  //i+32*number+16汉字的后16个数据输出
 256   2        }
 257   1      } 
 258          
 259          /**********************************************************************
 260          函数名称：Displayen
 261          功    能：显示半角汉字和数字和字母
 262          入口参数：SS选屏参数，pagr选页参数，column选列参数，number选第几汉字输出
 263          返 回 值：无  
 264          ***********************************************************************/
 265          void Displayen(uint8_t ss,uint8_t page,uint8_t column,char num)
 266          {
 267   1          uint8_t i;//选屏参数，pagr选页参数，column选列参数，number选第几汉字输出
 268   1          uint8_t number = num;
 269   1          SelectScreen(ss);
 270   1          column=column&0x3f;
 271   1          SetLine(page);  //写上半页
 272   1          SetColumn(column);
 273   1          for(i=0;i<8;i++)
 274   1          {
 275   2              LCD12864_WriteByte(ascll[i+16*number]);
 276   2          }
 277   1          SetLine(page+1);  //写下半页
 278   1          SetColumn(column);
 279   1          for(i=0;i<8;i++)
 280   1          {
 281   2              LCD12864_WriteByte(ascll[i+16*number+8]);
 282   2          }
 283   1      }  
 284          
 285          /**********************************************************************
 286          函数名称：LCD_ALL_DIR_OUT
 287          功    能：设置为使用引脚输出模式
 288          入口参数：无
 289          返 回 值：无  
 290          ***********************************************************************/       
 291          void LCD_ALL_DIR_OUT(void)
 292          {
 293   1        P0_Mode_PullUp(PINS_DATA);
 294   1        P2_Mode_PullUp(PINS_CMD);
 295   1        ClrBits(GPIO_CMD,PINS_ALL);
 296   1        ClrBits(GPIO_DAT,PINS_ALL);
 297   1      }


MODULE INFORMATION:   STATIC OVERLAYABLE
C51 COMPILER V9.54   LCD12864                                                              06/08/2022 10:03:08 PAGE 6   

   CODE SIZE        =   1115    ----
   CONSTANT SIZE    =   ----    ----
   XDATA SIZE       =   3024      26
   PDATA SIZE       =   ----    ----
   DATA SIZE        =   ----    ----
   IDATA SIZE       =   ----    ----
   BIT SIZE         =   ----    ----
END OF MODULE INFORMATION.


C51 COMPILATION COMPLETE.  0 WARNING(S),  0 ERROR(S)
