C51 COMPILER V9.54   SERIAL2PARALLEL                                                       06/07/2022 15:01:44 PAGE 1   


C51 COMPILER V9.54, COMPILATION OF MODULE SERIAL2PARALLEL
OBJECT MODULE PLACED IN .\Objects\serial2parallel.obj
COMPILER INVOKED BY: D:\Keil_v5\C51\BIN\C51.EXE ..\HARDWARE\serial2parallel\serial2parallel.c LARGE OPTIMIZE(8,SPEED) BR
                    -OWSE INCDIR(..\HARDWARE;..\SYSTEM;..\USER;..\HARDWARE\serial2parallel) DEBUG OBJECTEXTEND PRINT(.\Listings\serial2parall
                    -el.lst) TABS(2) OBJECT(.\Objects\serial2parallel.obj)

line level    source

   1          #include "system.h"
   2          #include "serial2parallel.h"
   3          
   4          void Serial_Hardware_Init(void)
   5          {
   6   1        P2_Mode_PullUp(Serial_SDA_PIN|Serial_SCL_PIN);
   7   1      }
   8          
   9          void Serial2Parallel(unsigned char byte)          //发送字节的程序
  10          {     
  11   1        unsigned char c = 0;  
  12   1        for(c = 0; c < 8; c++)    
  13   1        { 
  14   2          SCL(0);
  15   2          SDA((byte&0x80));
  16   2          SCL(1);
  17   2          byte<<=1;                 //数据左移一位 
  18   2        } 
  19   1      } 
  20          


MODULE INFORMATION:   STATIC OVERLAYABLE
   CODE SIZE        =     37    ----
   CONSTANT SIZE    =   ----    ----
   XDATA SIZE       =   ----    ----
   PDATA SIZE       =   ----    ----
   DATA SIZE        =   ----    ----
   IDATA SIZE       =   ----    ----
   BIT SIZE         =   ----    ----
END OF MODULE INFORMATION.


C51 COMPILATION COMPLETE.  0 WARNING(S),  0 ERROR(S)
