C51 COMPILER V9.54   PWM                                                                   06/08/2022 14:19:15 PAGE 1   


C51 COMPILER V9.54, COMPILATION OF MODULE PWM
OBJECT MODULE PLACED IN .\Objects\pwm.obj
COMPILER INVOKED BY: D:\Keil_v5\C51\BIN\C51.EXE ..\HARDWARE\pwm\pwm.c LARGE OPTIMIZE(8,SPEED) BROWSE INCDIR(..\HARDWARE;
                    -..\SYSTEM;..\USER;..\HARDWARE\key;..\HARDWARE\LCD12864;..\HARDWARE\infrared;..\HARDWARE\exti;..\HARDWARE\pwm) DEBUG OBJE
                    -CTEXTEND PRINT(.\Listings\pwm.lst) TABS(2) OBJECT(.\Objects\pwm.obj)

line level    source

   1          #include "system.h"
   2          #include "pwm.h"
   3          
   4          /**************************************************
   5          函数名称：Pwm1_Configure
   6          函数说明：pwm1初始化配置函数,默认占空比50%
   7          输入参数：  无      
   8          返 回 值：  无      
   9          **************************************************/
  10          void Pwm1_Configure(void)
  11          {
  12   1        P_SW2 = 0x80;     //开启特殊功能寄存器
  13   1        PWMCKS  = 0x00;     //PWM时钟为系统时钟
  14   1        PWMC  = 630;      //设置PWM周期为1000个PWM时钟
  15   1        PWM1T1  = 630;      //在计数值为1000的地方输出低电平
  16   1        PWM1T2  = 315;      //在计数值为 500的地方输出高电平
  17   1        PWM1CR  = 0x88;     //使能PWM1输出，通道P1^1
  18   1        P_SW2 = 0x00;     //关闭特殊功能寄存器
  19   1        PWMCR = 0x00;     //暂时不启动PWM模块
  20   1        P1_Mode_OUT_PP(PIN_1);  //设置P1^1推挽输出
  21   1        P11 = 0;
  22   1      }
  23          
  24          
  25          
  26          //                                      endfile


MODULE INFORMATION:   STATIC OVERLAYABLE
   CODE SIZE        =     54    ----
   CONSTANT SIZE    =   ----    ----
   XDATA SIZE       =   ----    ----
   PDATA SIZE       =   ----    ----
   DATA SIZE        =   ----    ----
   IDATA SIZE       =   ----    ----
   BIT SIZE         =   ----    ----
END OF MODULE INFORMATION.


C51 COMPILATION COMPLETE.  0 WARNING(S),  0 ERROR(S)
