C51 COMPILER V9.54   74HC245                                                               06/07/2022 15:47:33 PAGE 1   


C51 COMPILER V9.54, COMPILATION OF MODULE 74HC245
OBJECT MODULE PLACED IN .\Objects\74hc245.obj
COMPILER INVOKED BY: D:\Keil_v5\C51\BIN\C51.EXE ..\HARDWARE\74HC245\74hc245.c LARGE OPTIMIZE(8,SPEED) BROWSE INCDIR(..\H
                    -ARDWARE;..\SYSTEM;..\USER;..\HARDWARE\74HC245) DEBUG OBJECTEXTEND PRINT(.\Listings\74hc245.lst) TABS(2) OBJECT(.\Objects
                    -\74hc245.obj)

line level    source

   1          #include "74hc245.h"
   2          
   3          void IO_Init(void)
   4          {
   5   1        
   6   1        P0M1 = 0xff;
   7   1        P0M0 = 0x00;
   8   1        
   9   1        P1M1 = 0x00;
  10   1        P1M0 = 0xff;
  11   1        
  12   1        P2M1 = 0x00;
  13   1        P2M0 = 0xff;
  14   1        
  15   1      }
  16          


MODULE INFORMATION:   STATIC OVERLAYABLE
   CODE SIZE        =     17    ----
   CONSTANT SIZE    =   ----    ----
   XDATA SIZE       =   ----    ----
   PDATA SIZE       =   ----    ----
   DATA SIZE        =   ----    ----
   IDATA SIZE       =   ----    ----
   BIT SIZE         =   ----    ----
END OF MODULE INFORMATION.


C51 COMPILATION COMPLETE.  0 WARNING(S),  0 ERROR(S)
