C51 COMPILER V9.54   MAIN                                                                  06/07/2022 15:47:33 PAGE 1   


C51 COMPILER V9.54, COMPILATION OF MODULE MAIN
OBJECT MODULE PLACED IN .\Objects\main.obj
COMPILER INVOKED BY: D:\Keil_v5\C51\BIN\C51.EXE main.c LARGE OPTIMIZE(8,SPEED) BROWSE INCDIR(..\HARDWARE;..\SYSTEM;..\US
                    -ER;..\HARDWARE\74HC245) DEBUG OBJECTEXTEND PRINT(.\Listings\main.lst) TABS(2) OBJECT(.\Objects\main.obj)

line level    source

   1          /***************************************************************************************************
   2          实验名称：简易IO扩展输入实验
   3          
   4          实验模块：  STC8A核心板-V2.1、主板区：LED发光管、简易I/O扩展、拨动开关
   5          
   6          实验接线：  STC8A核心板   ---------   简易I/O扩展         
   7                      P1.0        ---------      nOE          
   8                      P1.1        ---------      T/nR
   9                      
  10                      P0.0~P0.7   ---------   A0~A7(J45)
  11                      
  12                    STC8A核心板   ---------   LED发光管
  13                      P2.0~P2.7   ---------   LED1~LED8(J4)         
  14                      
  15                    简易I/O扩展   ---------   拨动开关
  16                    B0~B7(J44)    ---------   SW1~SW8(J1)   
  17                         
  18                    注：请先下载程序在进行接线，否则可能会出现下载不了程序的情况，因为代码中使用了下载用的IO口
  19                        
  20          现象描述： 通过扩展IO读取的开关数据，在LED上显示出来
  21          
  22          更新时间：2022.06.07
  23          *****************************************************************************************************/
  24          #include "intrins.h"
  25          #include "system.h"
  26          #include "74hc245.h"
  27          
  28          
  29          void main(void)
  30          {
  31   1        uint8_t a = 0;
  32   1        System_Init();       //系统初始化
  33   1        IO_Init();
  34   1        OE = 0;     //输出允许
  35   1        TR = 0;     //此处设为A输出，B输入
  36   1        
  37   1        while(1)
  38   1        {
  39   2            P0 = 0xff;  //P0置为输入
  40   2            a = P0;   //读取P0的值
  41   2            P2 = a;     //值赋给P2 
  42   2        }
  43   1      }
  44          
  45          //                                      endfile


MODULE INFORMATION:   STATIC OVERLAYABLE
   CODE SIZE        =     29    ----
   CONSTANT SIZE    =   ----    ----
   XDATA SIZE       =   ----       1
   PDATA SIZE       =   ----    ----
   DATA SIZE        =   ----    ----
   IDATA SIZE       =   ----    ----
C51 COMPILER V9.54   MAIN                                                                  06/07/2022 15:47:33 PAGE 2   

   BIT SIZE         =   ----    ----
END OF MODULE INFORMATION.


C51 COMPILATION COMPLETE.  0 WARNING(S),  0 ERROR(S)
