C51 COMPILER V9.54   SYSTEM                                                                06/08/2022 10:52:29 PAGE 1   


C51 COMPILER V9.54, COMPILATION OF MODULE SYSTEM
OBJECT MODULE PLACED IN .\Objects\System.obj
COMPILER INVOKED BY: D:\Keil_v5\C51\BIN\C51.EXE ..\SYSTEM\System.c LARGE OPTIMIZE(8,SPEED) BROWSE INCDIR(..\HARDWARE;..\
                    -SYSTEM;..\USER;..\HARDWARE\key;..\HARDWARE\24C02;..\HARDWARE\LCD12864) DEBUG OBJECTEXTEND PRINT(.\Listings\System.lst) T
                    -ABS(2) OBJECT(.\Objects\System.obj)

line level    source

   1          //包含头文件
   2          
   3          //系统文件 不建议修改
   4          
   5          #include "system.h"
   6          #include <intrins.h>
   7          /***********************************************
   8          函数名称：Delay_ms
   9          功    能：STC8系列单片机1ms延时程序
  10          入口参数：ms:延时的毫秒数
  11          返 回 值：无  
  12          备    注：示波器实测：1.01ms，内部时钟：24MHz           
  13          ************************************************/
  14          void Delay_ms(unsigned int ms)
  15          {
  16   1        unsigned int i;
  17   1        while( (ms--) != 0)
  18   1        {
  19   2          for(i = 0; i < 1850; i++); 
  20   2        }             
  21   1      }
  22          /***********************************************
  23          函数名称：Delay_us
  24          功    能：STC8系列单片机1us延时程序
  25          入口参数：us:延时的微秒数
  26          返 回 值：无  
  27          备    注：内部时钟：24MHz
  28          微秒级延时有误差，在24MHz的系统频率下，执行一
  29          条指令需要166ns左右，没有办法取得精准的1us
  30          若需要精准的us延时，请使用定时器。
  31          Delay_us(1);  约为1.7us
  32          Delay_us(10);  约为12.5us
  33          Delay_us(10);  约为117.4us
  34          Delay_us(1000);  约为1165us
  35          ************************************************/
  36          void Delay_us(uint16_t us)  
  37          {
  38   1        uint8_t i;
  39   1        while (us--)
  40   1        {
  41   2          _nop_();
  42   2          _nop_();
  43   2          i = 3;
  44   2          while (--i);
  45   2        }
  46   1      }
  47          /***********************************************
  48          函数名称：System_Init
  49          功    能：单片机系统初始化
  50          入口参数：无
  51          返 回 值：无  
  52          备    注：STC-ISP下载软件中选择IRC频率：24MHz 
  53                    以下的函数和宏定义，请参考
C51 COMPILER V9.54   SYSTEM                                                                06/08/2022 10:52:29 PAGE 2   

  54                STC8A8K64S4A12.H文件中的注释
  55          ************************************************/
  56          void System_Init(void)
  57          {   
  58   1        Delay_ms(300);              //延时等待上电稳定
  59   1        SetBits(P_SW2,EAXFR);         //允许访问特殊功能寄存器
  60   1        SetBits(IRC24MCR,ENIRC24M);       //使能内部24M IRC 
  61   1        while (!(IRC24MCR & IRC24MST));     //等待时钟稳定
  62   1        ClrBits(CKSEL,Bits_ALL);            //选择内部24M IRC，时钟不输出
  63   1        ClrBits(CLKDIV,Bits_ALL);           //主时钟不分频
  64   1        ClrBits(P_SW2,EAXFR);         //关闭访问特殊功能寄存器 
  65   1        
  66   1        //复位脚用作IO口P54
  67   1        ClrBits(RSTCFG,P54RST);
  68   1        
  69   1        //全部端口设置为高阻  
  70   1        //P0端口设置为高阻
  71   1        P0_Mode_HighZ(PIN_ALL);
  72   1        //P1端口设置为高阻
  73   1        P1_Mode_HighZ(PIN_ALL);
  74   1        //P2端口设置为高阻
  75   1        P2_Mode_HighZ(PIN_ALL);
  76   1        //P4端口设置为高阻
  77   1        P4_Mode_HighZ(PIN_ALL);
  78   1        //P5端口设置为高阻
  79   1        P5_Mode_HighZ(PIN_ALL);
  80   1        //P6端口设置为高阻
  81   1        P6_Mode_HighZ(PIN_ALL);
  82   1        //P7端口设置为高阻
  83   1        P7_Mode_HighZ(PIN_ALL); 
  84   1        
  85   1        
  86   1        //将P30 P31 设置为准双向口，用于下载
  87   1        P3_Mode_PullUp(PIN_0|PIN_1);  
  88   1        //P3其他端口设置为高阻
  89   1        P3_Mode_HighZ(PIN_2|PIN_3|PIN_4|PIN_5|PIN_6|PIN_7);
  90   1      }
  91          
  92          


MODULE INFORMATION:   STATIC OVERLAYABLE
   CODE SIZE        =    139    ----
   CONSTANT SIZE    =   ----    ----
   XDATA SIZE       =   ----    ----
   PDATA SIZE       =   ----    ----
   DATA SIZE        =   ----    ----
   IDATA SIZE       =   ----    ----
   BIT SIZE         =   ----    ----
END OF MODULE INFORMATION.


C51 COMPILATION COMPLETE.  0 WARNING(S),  0 ERROR(S)
