C51 COMPILER V9.54   LCD12864                                                              10/16/2019 16:01:01 PAGE 1   


C51 COMPILER V9.54, COMPILATION OF MODULE LCD12864
OBJECT MODULE PLACED IN .\Objects\lcd12864.obj
COMPILER INVOKED BY: C:\Keil_v5\C51\BIN\C51.EXE ..\HARDWARE\LCD12864\lcd12864.c LARGE OPTIMIZE(8,SPEED) BROWSE INCDIR(..
                    -\HARDWARE;..\SYSTEM;..\USER;..\HARDWARE\key;..\HARDWARE\LCD12864;..\HARDWARE\93c46) DEBUG OBJECTEXTEND PRINT(.\Listings\
                    -lcd12864.lst) TABS(2) OBJECT(.\Objects\lcd12864.obj)

line level    source

   1          #include <system.h>
   2          #include "lcd12864.h"
   3          #include "lcdziku.h"
   4             
   5          
   6           /*写命令到LCD中*/
   7          void SendCommandToLCD(uint8_t com)
   8          {
   9   1        Delay_us(10);
  10   1        RS(0);
  11   1        Delay_us(10);
  12   1        RW(0);  
  13   1        ClrBits(GPIO_DAT,PINS_DATA);  
  14   1        SetBits(GPIO_DAT,com);
  15   1        Delay_us(100);  
  16   1        EN(1);
  17   1        Delay_us(10);   
  18   1        EN(0);  
  19   1        Delay_us(10); 
  20   1        ClrBits(GPIO_DAT,PINS_DATA);
  21   1      }
  22          
  23          void SetLCD(uint8_t page,uint8_t startline,uint8_t column)
  24          {
  25   1        Delay_us(10);
  26   1        SetLine(page);
  27   1        Delay_us(10);
  28   1        SetStartLine(startline); 
  29   1        Delay_us(10);
  30   1        SetColumn(column);
  31   1        Delay_us(10);
  32   1      }
  33           /*设置页 0xb8是页的首地址*/
  34          void SetLine(uint8_t page)  
  35          {
  36   1          page=0xb8|page; //1011 1xxx 0<=page<=7 设定页地址--X 0-7,8行为一页64/8=8，共8页
  37   1          SendCommandToLCD(page);
  38   1      }
  39          
  40           /*设定显示开始行，0xc0是行的首地址*/
  41          void SetStartLine(uint8_t startline)     
  42          {
  43   1          startline=0xc0|startline; //1100 0000
  44   1          SendCommandToLCD(startline); //设置从哪行开始：0--63，一般从0 行开始显示
  45   1      }
  46          
  47           /*设定列地址--Y 0-63 ，0x40是列的首地址*/
  48          void SetColumn(uint8_t column)  
  49          {
  50   1          column=column &0x3f; //column最大值为64，越出 0=<column<=63
  51   1          column= 0x40|column; //01xx xxxx
  52   1          SendCommandToLCD(column);
  53   1      }
C51 COMPILER V9.54   LCD12864                                                              10/16/2019 16:01:01 PAGE 2   

  54          
  55           
  56           /*开关显示，0x3f是开显示，0x3e是关显示*/
  57          void SetOnOff(uint8_t onoff)     
  58          {
  59   1        onoff=0x3e|onoff; //0011 111x,onoff只能为0或者1
  60   1        SendCommandToLCD(onoff);
  61   1      }
  62          
  63          /*写显示数据 */
  64          void LCD12864_WriteByte(uint8_t dat)  
  65          {
  66   1        Delay_us(10);
  67   1          RS(1);
  68   1          Delay_us(10);
  69   1          RW(0);  
  70   1          Delay_us(10); 
  71   1          EN(0);  
  72   1        ClrBits(GPIO_DAT,PINS_DATA);
  73   1          SetBits(GPIO_DAT,dat);
  74   1          Delay_us(100);    
  75   1          EN(1);
  76   1          Delay_us(10); 
  77   1          EN(0);
  78   1          Delay_us(10); 
  79   1          ClrBits(GPIO_DAT,PINS_DATA);
  80   1      }
  81          
  82          
  83          
  84          /*选择屏幕screen: 0-全屏,1-左屏,2-右屏*/
  85          void SelectScreen(uint8_t screen)   
  86          {              
  87   1         switch(screen)
  88   1         { 
  89   2           case 0: CS1(0);//全屏
  90   2                   Delay_us(10);
  91   2                   CS2(0); 
  92   2                   Delay_us(10);
  93   2                   break; 
  94   2           case 1: CS1(1);//左屏
  95   2                   Delay_us(10);
  96   2                   CS2(0);
  97   2                   Delay_us(10);
  98   2                   break;
  99   2           case 2: CS1(0);//右屏
 100   2                   Delay_us(10);
 101   2                   CS2(1);
 102   2                   Delay_us(10); 
 103   2                   break;
 104   2           default:break;
 105   2         }
 106   1      }
 107          
 108           /*清屏screen: 0-全屏,1-左屏,2-右*/
 109          void ClearScreen(uint8_t screen)    //显示汉字时，在字库中添加新的汉字码是，注意也要在当前show_hz中改变清屏
             -码的位子
 110          {                                   //
 111   1        for(screen=0;screen<8;screen++)
 112   1        {
 113   2              Show_Hz(screen,0,8);
 114   2              Show_Hz(screen,1,8);
C51 COMPILER V9.54   LCD12864                                                              10/16/2019 16:01:01 PAGE 3   

 115   2              Show_Hz(screen,2,8);
 116   2              Show_Hz(screen,3,8);
 117   2              Show_Hz(screen,4,8);
 118   2              Show_Hz(screen,5,8);
 119   2              Show_Hz(screen,6,8);
 120   2              Show_Hz(screen,7,8);
 121   2        }      
 122   1      }
 123          
 124           /*向上滚屏*//*这里用做滚动显示*/
 125          void lcd_rol(void)          
 126          {
 127   1          uint8_t i;
 128   1          for(i = 0; i < 64; i++)
 129   1          {
 130   2              CS1(0); // 片选1
 131   2              SendCommandToLCD(0xc0+i);
 132   2              CS1(1); 
 133   2              CS2(0); // 片选2
 134   2              SendCommandToLCD(0xc0+62-i);
 135   2              CS2(0); // 片选2
 136   2              Delay_us(10);
 137   2          }
 138   1      } 
 139          
 140          /*初始化LCD*/
 141          void LCD12864_Software_Init(void)     
 142          { 
 143   1        LCD_ALL_DIR_OUT();
 144   1        Delay_us(10);
 145   1        SelectScreen(0);
 146   1        SetOnOff(0); //关显示
 147   1        Delay_us(10);
 148   1        SelectScreen(0);
 149   1        SetOnOff(1); //开显示
 150   1        Delay_us(10);
 151   1        SelectScreen(0);
 152   1        ClearScreen(0);//清屏
 153   1        Delay_us(10);
 154   1        SetStartLine(0); //开始行:0
 155   1        Delay_us(10);
 156   1        SetOnOff(0x3f); //开显示
 157   1        Delay_us(10);
 158   1        ClearScreen(0);//清屏
 159   1        Delay_us(10);
 160   1      }
 161          /*
 162          *功能：汉字显示函数
 163          *参数：X：横坐标值，Y：纵坐标值，hz：在字库中的第几个汉字
 164          *备注：
 165          */
 166          void Show_Hz(uint8_t x,uint8_t y,uint8_t hz)
 167          {   
 168   1        uint8_t l_r=0;
 169   1        if(x<=3)
 170   1          l_r=1;
 171   1        else 
 172   1          l_r =2;
 173   1        Display(l_r,y*2,x*16,hz);
 174   1      }
 175          
 176          /*
C51 COMPILER V9.54   LCD12864                                                              10/16/2019 16:01:01 PAGE 4   

 177          *功能：字母、数字、字符串显示函数
 178          *参数：X：横坐标值，Y：纵坐标值，str：是需要显示的内容
 179          *备注：
 180          */
 181          void Show_Num(uint8_t x,uint8_t y,char*str)
 182          {   
 183   1        uint8_t l_r=0,i=0;
 184   1        while(*str != '\0')
 185   1        {
 186   2          if(x>15)
 187   2          {x=0;i+=2;}
 188   2          if(x<8)l_r=1;
 189   2          else l_r =2;
 190   2          Displayen(l_r,y*2+i,x*8,*str++);
 191   2          x++;  
 192   2        }
 193   1      }
 194          
 195          
 196          /*显示全角汉字*/
 197          void Display(uint8_t ss,uint8_t page,uint8_t column,uint8_t number)
 198          {
 199   1        int i;  //选屏参数，pagr选页参数，column选列参数，number选第几汉字输出
 200   1        SetOnOff(0x3f);     //开显示
 201   1        SelectScreen(ss);
 202   1        column=column&0x3f;
 203   1        SetLine(page);      //写上半页
 204   1        SetColumn(column);    //控制列
 205   1        for(i=0;i<16;i++)     //控制16列的数据输出
 206   1        {
 207   2          LCD12864_WriteByte(Hzk[i+32*number]); //i+32*number汉字的前16个数据输出 
 208   2        }
 209   1        SetLine(page+1);    //写下半页
 210   1        SetColumn(column);    //控制列
 211   1          for(i=0;i<16;i++)     //控制16列的数据输出
 212   1        {
 213   2          LCD12864_WriteByte(Hzk[i+32*number+16]);  //i+32*number+16汉字的后16个数据输出
 214   2        }
 215   1      } 
 216          
 217          
 218          /*显示半角汉字和数字和字母*/
 219          void Displayen(uint8_t ss,uint8_t page,uint8_t column,char num)
 220          {
 221   1          uint8_t i;//选屏参数，pagr选页参数，column选列参数，number选第几汉字输出
 222   1          uint8_t number = num;
 223   1          SelectScreen(ss);
 224   1          column=column&0x3f;
 225   1          SetLine(page);  //写上半页
 226   1          SetColumn(column);
 227   1          for(i=0;i<8;i++)
 228   1          {
 229   2              LCD12864_WriteByte(ascll[i+16*number]);
 230   2          }
 231   1          SetLine(page+1);  //写下半页
 232   1          SetColumn(column);
 233   1          for(i=0;i<8;i++)
 234   1          {
 235   2              LCD12864_WriteByte(ascll[i+16*number+8]);
 236   2          }
 237   1      }  
 238          
C51 COMPILER V9.54   LCD12864                                                              10/16/2019 16:01:01 PAGE 5   

 239          // 设置为使用引脚输出模式      
 240          void LCD_ALL_DIR_OUT(void)
 241          {
 242   1        P0_Mode_PullUp(PINS_DATA);
 243   1        P2_Mode_PullUp(PINS_CMD);
 244   1        ClrBits(GPIO_CMD,PINS_ALL);
 245   1        ClrBits(GPIO_DAT,PINS_ALL);
 246   1      }


MODULE INFORMATION:   STATIC OVERLAYABLE
   CODE SIZE        =   1115    ----
   CONSTANT SIZE    =   ----    ----
   XDATA SIZE       =   3024      26
   PDATA SIZE       =   ----    ----
   DATA SIZE        =   ----    ----
   IDATA SIZE       =   ----    ----
   BIT SIZE         =   ----    ----
END OF MODULE INFORMATION.


C51 COMPILATION COMPLETE.  0 WARNING(S),  0 ERROR(S)
