C51 COMPILER V9.54   MAIN                                                                  06/06/2022 20:43:03 PAGE 1   


C51 COMPILER V9.54, COMPILATION OF MODULE MAIN
OBJECT MODULE PLACED IN .\Objects\main.obj
COMPILER INVOKED BY: D:\Keil_v5\C51\BIN\C51.EXE main.c LARGE OPTIMIZE(8,SPEED) BROWSE INCDIR(..\HARDWARE;..\SYSTEM;..\US
                    -ER;..\HARDWARE\led) DEBUG OBJECTEXTEND PRINT(.\Listings\main.lst) TABS(2) OBJECT(.\Objects\main.obj)

line level    source

   1          /***************************************************************************
   2          实验名称：  流水灯实验
   3          
   4          实验模块：  STC8A核心板v2.1
   5          
   6          实验接线：  
   7                      
   8          现象描述：  LED显示流水灯现象
   9          
  10          使用STC-ISP下载时请注意在【硬件选项】的第一项【输入用户程序运行是的IRC频率】
  11          软件默认是11.0592MHz  但我们程序用的都是24MHz，所以我们需要手动输入或者下拉选择
  12          24MHz然后再点击下载即可。然后即可看到右下方窗口提示
  13            . 用户设定频率: 24.000MHz
  14            . 调节后的频率: 24.000MHz
  15            . 频率调节误差: 0.000%
  16            
  17          更新时间：2022.06.06
  18          ***************************************************************************/
  19          #include <intrins.h>
  20          #include "system.h"
  21          #include "led.h"
  22          
  23          
  24          void main(void)
  25          {
  26   1        System_Init();          //系统初始化
  27   1        Led_Configure();        //LED初始化
  28   1        while(1)
  29   1        {
  30   2          LED0(1);          //点亮DS1
  31   2          Delay_ms(250);        //延时
  32   2          LED0(0);          //熄灭DS1
  33   2          LED1(1);          //点亮DS2
  34   2          Delay_ms(250);        //延时
  35   2          LED1(0);          //熄灭DS2
  36   2          LED2(1);          //点亮DS3
  37   2          Delay_ms(250);        //延时
  38   2          LED2(0);          //熄灭DS3
  39   2          LED3(1);          //点亮DS4
  40   2          Delay_ms(250);        //延时
  41   2          LED3(0);          //熄灭DS4
  42   2        }
  43   1      }
  44          


MODULE INFORMATION:   STATIC OVERLAYABLE
   CODE SIZE        =     52    ----
   CONSTANT SIZE    =   ----    ----
   XDATA SIZE       =   ----    ----
   PDATA SIZE       =   ----    ----
   DATA SIZE        =   ----    ----
   IDATA SIZE       =   ----    ----
   BIT SIZE         =   ----    ----
C51 COMPILER V9.54   MAIN                                                                  06/06/2022 20:43:03 PAGE 2   

END OF MODULE INFORMATION.


C51 COMPILATION COMPLETE.  0 WARNING(S),  0 ERROR(S)
