C51 COMPILER V9.54   IIC                                                                   06/08/2022 10:52:29 PAGE 1   


C51 COMPILER V9.54, COMPILATION OF MODULE IIC
OBJECT MODULE PLACED IN .\Objects\IIC.obj
COMPILER INVOKED BY: D:\Keil_v5\C51\BIN\C51.EXE ..\HARDWARE\24C02\IIC.c LARGE OPTIMIZE(8,SPEED) BROWSE INCDIR(..\HARDWAR
                    -E;..\SYSTEM;..\USER;..\HARDWARE\key;..\HARDWARE\24C02;..\HARDWARE\LCD12864) DEBUG OBJECTEXTEND PRINT(.\Listings\IIC.lst)
                    - TABS(2) OBJECT(.\Objects\IIC.obj)

line level    source

   1          #include "system.h"
   2          #include "iic.h"
   3          
   4          void IIC_Hardware_Init(void)
   5          {
   6   1            
   7   1        P2_Mode_PullUp(IIC_SCL_PIN|IIC_SDA_PIN);
   8   1        
   9   1        IIC_SCL(1);
  10   1        IIC_SDA(1);
  11   1      }
  12          
  13          void SDA_In(void)
  14          {
  15   1         P2_Mode_HighZ(IIC_SDA_PIN);
  16   1      }
  17          
  18          void SDA_Out(void)
  19          {
  20   1          P2_Mode_PullUp(IIC_SDA_PIN);
  21   1      }
  22          
  23          
  24          //产生IIC起始信号
  25          void IIC_Start(void)
  26          {
  27   1        SDA_Out();     //sda线输出
  28   1        IIC_SDA(1);       
  29   1        IIC_SCL(1);
  30   1        Delay_us(4);
  31   1        IIC_SDA(0);//START:when CLK is high,DATA change form high to low 
  32   1        Delay_us(4);
  33   1        IIC_SCL(0);//钳住I2C总线，准备发送或接收数据 
  34   1      }
  35          
  36          //产生IIC停止信号
  37          void IIC_Stop(void)
  38          {
  39   1        SDA_Out();    //sda线输出
  40   1        IIC_SCL(0);
  41   1        IIC_SDA(0);   //STOP:when CLK is high DATA change form low to high
  42   1        Delay_us(4);
  43   1        IIC_SCL(1); 
  44   1        IIC_SDA(1);   //发送I2C总线结束信号
  45   1        Delay_us(4);                  
  46   1      }
  47          /**********************************************************
  48          *功    能：等待应答信号到来
  49          *参    数：无
  50          *返 回 值：1/接收应答失败；0/接收应答成功
  51          **********************************************************/
  52          uint8_t IIC_Wait_Ack(void)
  53          {
C51 COMPILER V9.54   IIC                                                                   06/08/2022 10:52:29 PAGE 2   

  54   1        uint8_t ucErrTime=0;
  55   1        SDA_In();      //SDA设置为输入  
  56   1        IIC_SDA(1);Delay_us(1);    
  57   1        IIC_SCL(1);Delay_us(1);  
  58   1        while(READ_SDA)
  59   1        {
  60   2          ucErrTime++;
  61   2          if(ucErrTime>250)
  62   2          {
  63   3            IIC_Stop();
  64   3            return 1;
  65   3          }
  66   2        }
  67   1        IIC_SCL(0);//时钟输出0     
  68   1        return 0;  
  69   1      }
  70          
  71          //产生ACK应答
  72          void IIC_Ack(void)
  73          {
  74   1        IIC_SCL(0);
  75   1        SDA_Out();
  76   1        IIC_SDA(0);
  77   1        Delay_us(2);
  78   1        IIC_SCL(1);
  79   1        Delay_us(2);
  80   1        IIC_SCL(0);
  81   1      }
  82          
  83          //不产生ACK应答       
  84          void IIC_NAck(void)
  85          {
  86   1        IIC_SCL(0);
  87   1        SDA_Out();
  88   1        IIC_SDA(1);
  89   1        Delay_us(2);
  90   1        IIC_SCL(1);
  91   1        Delay_us(2);
  92   1        IIC_SCL(0);
  93   1      }
  94          /**********************************************************
  95          *功    能：IIC发送一个字节
  96          *参    数：txd
  97          *返 回 值：无
  98          **********************************************************/
  99          void IIC_Send_Byte(uint8_t txd)
 100          {
 101   1          uint8_t t;   
 102   1          SDA_Out();      
 103   1          IIC_SCL(0);//拉低时钟开始数据传输
 104   1          for(t=0;t<8;t++)
 105   1          {              
 106   2              IIC_SDA(((txd&0x80)>>7));
 107   2              txd<<=1;    
 108   2              Delay_us(2);   //对TEA5767这三个延时都是必须的
 109   2              IIC_SCL(1);
 110   2              Delay_us(2); 
 111   2              IIC_SCL(0); 
 112   2              Delay_us(2);
 113   2          }  
 114   1      }
 115          
C51 COMPILER V9.54   IIC                                                                   06/08/2022 10:52:29 PAGE 3   

 116          //读1个字节，ack=1时，发送ACK，ack=0，发送nACK   
 117          uint8_t IIC_Read_Byte(unsigned char ack)
 118          {
 119   1        unsigned char i,receive=0;
 120   1        SDA_In();//SDA设置为输入
 121   1          for(i=0;i<8;i++ )
 122   1        {
 123   2          IIC_SCL(0); 
 124   2          Delay_us(2);
 125   2          IIC_SCL(1);
 126   2          receive<<=1;
 127   2          if(READ_SDA)receive++;   
 128   2          Delay_us(1); 
 129   2          }          
 130   1          if (!ack)
 131   1              IIC_NAck();//发送nACK
 132   1          else
 133   1              IIC_Ack(); //发送ACK   
 134   1          return receive;
 135   1      }
 136          
 137          
 138          
 139          
 140          
 141          
 142          


MODULE INFORMATION:   STATIC OVERLAYABLE
   CODE SIZE        =    366    ----
   CONSTANT SIZE    =   ----    ----
   XDATA SIZE       =   ----       6
   PDATA SIZE       =   ----    ----
   DATA SIZE        =   ----    ----
   IDATA SIZE       =   ----    ----
   BIT SIZE         =   ----    ----
END OF MODULE INFORMATION.


C51 COMPILATION COMPLETE.  0 WARNING(S),  0 ERROR(S)
