C51 COMPILER V9.54   MAIN                                                                  06/08/2022 10:52:29 PAGE 1   


C51 COMPILER V9.54, COMPILATION OF MODULE MAIN
OBJECT MODULE PLACED IN .\Objects\main.obj
COMPILER INVOKED BY: D:\Keil_v5\C51\BIN\C51.EXE main.c LARGE OPTIMIZE(8,SPEED) BROWSE INCDIR(..\HARDWARE;..\SYSTEM;..\US
                    -ER;..\HARDWARE\key;..\HARDWARE\24C02;..\HARDWARE\LCD12864) DEBUG OBJECTEXTEND PRINT(.\Listings\main.lst) TABS(2) OBJECT(
                    -.\Objects\main.obj)

line level    source

   1          /****************************************************************************************************
   2          实验名称：  24C01储存器实验
   3          
   4          实验模块：  STC8A核心板v2.1、主板区：EEPROM、12864图形液晶
   5          
   6          实验接线：
   7                      STC8A核心板   -------------   12864图形液晶
   8                          P2.0      -------------       CS1
   9                          P2.1      -------------       CS2
  10                          P2.2      -------------       RS
  11                          P2.3      -------------       RW
  12                          P2.4      -------------       RE
  13                     P0.0~P0.7      -------------       DB0~DB7
  14                     注：STC8A核心板P4上需要加上连接P3.2--INT0和P3.3--INT1的跳帽
  15          
  16                       STC8A核心板  -------------    EEPROM
  17                          P2.6      -------------     SCL
  18                          P2.7      -------------     SDA
  19          
  20          现象描述：程序在运行过程中首先检测是否有器件存在，
  21                    如有器件存在则根据屏幕显示按下对应按键对24C01进行读或则写。
  22                   如无器件，屏幕会提示：24C01 ERROR!，这时候请检查接线，和元器件是否损坏。
  23                   注：程序中使用的按键为核心板上的KEY1（写）、KEY2（读）。
  24          
  25          使用STC-ISP下载时请注意在【硬件选项】的第一项【输入用户程序运行是的IRC频率】
  26          软件默认是11.0592MHz  但我们程序用的都是24MHz，所以我们需要手动输入或者下拉选择
  27          24MHz然后再点击下载即可。然后即可看到右下方窗口提示
  28            . 用户设定频率: 24.000MHz
  29            . 调节后的频率: 24.000MHz
  30            . 频率调节误差: 0.000%
  31          
  32          更新时间：2022-06-07
  33          **********************************************************************************************************
             -/
  34          
  35          #include <intrins.h>
  36          #include "system.h"
  37          #include "iic.h"
  38          #include "lcd12864.h"
  39          #include "24C02.h"
  40          #include "key.h"
  41          
  42          //要写入到24c01的字符串数组
  43          const uint8_t TEXT_Buffer[] = {" Hello world!"}; //字符串可任意输入，最大不可超过127字节数据
  44          #define SIZE sizeof(TEXT_Buffer)
  45          
  46          void main(void)
  47          {
  48   1          uint8_t key = 0;
  49   1          uint8_t datatemp[SIZE];
  50   1          System_Init();            //系统初始化
  51   1          Key_Configure();          //按键初始化
  52   1          IIC_Hardware_Init();            //初始化与24C01连接的硬件接口
C51 COMPILER V9.54   MAIN                                                                  06/08/2022 10:52:29 PAGE 2   

  53   1          LCD12864_Software_Init();         //初始化12864液晶
  54   1      
  55   1          while(1)
  56   1          {
  57   2              while(IC_24Cxx_Check())//检测不到24c01
  58   2              {
  59   3                  ClearScreen(0);//清屏
  60   3                  Show_Num(2, 1, "24C01 ERROR!  ");
  61   3                  Show_Num(2, 2, "24C01 ERROR!  ");
  62   3                  Delay_ms(500);
  63   3                  Show_Num(0, 1, "                ");
  64   3                  Show_Num(0, 2, "                ");
  65   3                  Delay_ms(500);
  66   3              }
  67   2      
  68   2              Show_Num(0, 0, "K1:Write K2:Read"); //初始界面
  69   2              //获取扫描键值
  70   2              key = Key_Scan();
  71   2      
  72   2              switch(key)
  73   2              {
  74   3                  case KEY0_NUM:
  75   3                      Show_Num(0, 1, "Start Write24C01");
  76   3                      IC_24Cxx_Write(0, (uint8_t*)TEXT_Buffer, SIZE);
  77   3                      Show_Num(0, 2, "Write Finished!"); //提示传送完成
  78   3                      Show_Num(0, 3, "                "); //显示读到的字符串
  79   3                      Delay_ms(500);
  80   3                      Delay_ms(500);
  81   3                      break;
  82   3      
  83   3                  case KEY1_NUM:
  84   3                      Show_Num(0, 1, "Start Read 24C01");
  85   3                      IC_24Cxx_Read(0, datatemp, SIZE);
  86   3                      Delay_ms(1);
  87   3                      Show_Num(0, 2, "The Data Is:    "); //提示传送完成
  88   3                      Show_Num(0, 3, (char*)datatemp); //显示读到的字符串
  89   3                      Delay_ms(500);
  90   3                      Delay_ms(500);
  91   3                      break;
  92   3      
  93   3                  default:
  94   3                      break;
  95   3              }
  96   2      
  97   2              key = 0;
  98   2          }
  99   1      }
 100          
 101          //                                      endfile


MODULE INFORMATION:   STATIC OVERLAYABLE
   CODE SIZE        =    270    ----
   CONSTANT SIZE    =    116    ----
   XDATA SIZE       =     14      15
   PDATA SIZE       =   ----    ----
   DATA SIZE        =   ----    ----
   IDATA SIZE       =   ----    ----
   BIT SIZE         =   ----    ----
END OF MODULE INFORMATION.


C51 COMPILATION COMPLETE.  0 WARNING(S),  0 ERROR(S)
