C51 COMPILER V9.54   LCD1602                                                               06/07/2022 11:59:16 PAGE 1   


C51 COMPILER V9.54, COMPILATION OF MODULE LCD1602
OBJECT MODULE PLACED IN .\Objects\lcd1602.obj
COMPILER INVOKED BY: D:\Keil_v5\C51\BIN\C51.EXE ..\HARDWARE\LED1602\lcd1602.c LARGE OPTIMIZE(8,SPEED) BROWSE INCDIR(..\H
                    -ARDWARE;..\SYSTEM;..\USER;..\HARDWARE\LED1602) DEBUG OBJECTEXTEND PRINT(.\Listings\lcd1602.lst) TABS(2) OBJECT(.\Objects
                    -\lcd1602.obj)

line level    source

   1          #include "lcd1602.h"
   2          
   3          void LCD1602_GPIO_Init(void)
   4          {
   5   1        P0_Mode_OUT_PP(0xFF); //设置P0端口为推挽输出模式
   6   1        P1_Mode_OUT_PP(0x07); //设置P1.0~P1.2端口为推挽输出模式
   7   1      }
   8          
   9          void LCD1602Write_data(uint8_t i) //LCD1602写数据
  10          {
  11   1        RS = 1;//数据
  12   1        RW = 0;//写入
  13   1        P0 = i;
  14   1        E = 1;//允许
  15   1        Delay_ms(5);
  16   1        E = 0;
  17   1                   
  18   1          
  19   1      }
  20          
  21          void LCD1602Write_com(uint8_t i)  //LCD1602写指令
  22          {
  23   1      
  24   1        RS = 0; //指令
  25   1        RW = 0; //写入
  26   1        P0 = i;
  27   1        E = 1;  //允许写入
  28   1        Delay_ms(5);
  29   1        E = 0;          
  30   1      }
  31          
  32          void LCD1602_Init(void)    //LCD1602初始化
  33          {
  34   1        LCD1602_GPIO_Init();  // IO口初始化
  35   1        RW = 0;
  36   1        RS = 0;
  37   1        LCD1602Write_com(0x01);
  38   1        LCD1602Write_com(0x38);
  39   1        LCD1602Write_com(0x0c);   //无光标
  40   1        LCD1602Write_com(0x06); 
  41   1      }


MODULE INFORMATION:   STATIC OVERLAYABLE
   CODE SIZE        =     76    ----
   CONSTANT SIZE    =   ----    ----
   XDATA SIZE       =   ----    ----
   PDATA SIZE       =   ----    ----
   DATA SIZE        =   ----    ----
   IDATA SIZE       =   ----    ----
   BIT SIZE         =   ----    ----
END OF MODULE INFORMATION.


C51 COMPILATION COMPLETE.  0 WARNING(S),  0 ERROR(S)
