C51 COMPILER V9.54   MAIN                                                                  06/07/2022 11:59:16 PAGE 1   


C51 COMPILER V9.54, COMPILATION OF MODULE MAIN
OBJECT MODULE PLACED IN .\Objects\main.obj
COMPILER INVOKED BY: D:\Keil_v5\C51\BIN\C51.EXE main.c LARGE OPTIMIZE(8,SPEED) BROWSE INCDIR(..\HARDWARE;..\SYSTEM;..\US
                    -ER;..\HARDWARE\LED1602) DEBUG OBJECTEXTEND PRINT(.\Listings\main.lst) TABS(2) OBJECT(.\Objects\main.obj)

line level    source

   1          /***************************************************************************
   2          实验名称：字符液晶显示实验
   3          
   4          实验模块：  STC8A核心板-V2.1、主板区 1602 字符液晶
   5          
   6          实验接线：    STC8A核心板   --------------   1602 字符液晶
   7                          P3.0      --------------      RS
   8                          P3.1      --------------      RW
   9                          P3.2      --------------      E
  10                          P0.0      --------------      DB0
  11                          P0.1      --------------      DB1
  12                          P0.2      --------------      DB2
  13                          P0.3      --------------      DB3
  14                          P0.4      --------------      DB4
  15                          P0.5      --------------      DB5
  16                          P0.6      --------------      DB6
  17                          P0.7      --------------      DB7   
  18          
  19          现象描述：  
  20          
  21          更新时间：2022.06.07
  22          ***************************************************************************/
  23          #include "intrins.h"
  24          #include "system.h"
  25          #include "lcd1602.h"
  26          
  27          
  28          void main(void)
  29          {
  30   1          unsigned char Code1[] = "1602 LCD TEST OK";//Code1是要显示在字符液晶的第一行
  31   1          unsigned char Code2[] = "HELLO EVERYONE!!"; //Code2是要显示在字符液晶的第二行
  32   1          unsigned char m;
  33   1      
  34   1          System_Init();       //系统初始化
  35   1          LCD1602_Init();
  36   1      
  37   1          while(1)
  38   1          {
  39   2              LCD1602Write_com(0x80 + 0x00);  //在第一行第一个显示Code1
  40   2      
  41   2              for(m = 0; m < 40; m++)
  42   2              {
  43   3                  LCD1602Write_data(Code1[m]);
  44   3      
  45   3                  Delay_ms(5);      //延时
  46   3              }
  47   2      
  48   2              LCD1602Write_com(0x80 + 0x40);    //在第二行第一个显示Code2
  49   2      
  50   2              for(m = 0; m < 40; m++)
  51   2              {
  52   3      
  53   3                  LCD1602Write_data(Code2[m]);
  54   3                  Delay_ms(5);      //延时
C51 COMPILER V9.54   MAIN                                                                  06/07/2022 11:59:16 PAGE 2   

  55   3              }
  56   2          }
  57   1      }
  58          
  59          //                                      endfile


MODULE INFORMATION:   STATIC OVERLAYABLE
   CODE SIZE        =    144    ----
   CONSTANT SIZE    =     34    ----
   XDATA SIZE       =   ----      35
   PDATA SIZE       =   ----    ----
   DATA SIZE        =   ----    ----
   IDATA SIZE       =   ----    ----
   BIT SIZE         =   ----    ----
END OF MODULE INFORMATION.


C51 COMPILATION COMPLETE.  0 WARNING(S),  0 ERROR(S)
