C51 COMPILER V9.54   MAIN                                                                  06/08/2022 10:34:49 PAGE 1   


C51 COMPILER V9.54, COMPILATION OF MODULE MAIN
OBJECT MODULE PLACED IN .\Objects\main.obj
COMPILER INVOKED BY: D:\Keil_v5\C51\BIN\C51.EXE main.c LARGE OPTIMIZE(8,SPEED) BROWSE INCDIR(..\HARDWARE;..\SYSTEM;..\US
                    -ER;..\HARDWARE\DAC) DEBUG OBJECTEXTEND PRINT(.\Listings\main.lst) TABS(2) OBJECT(.\Objects\main.obj)

line level    source

   1          /***************************************************************************
   2          实验名称：
   3          
   4          实验模块：  STC8A核心板-V2.1、主板区：串行D/A转换
   5          
   6          实验接线：  STC8A核心板   -----------   串行D/A转换
   7                        P2.0      -----------     CLK
   8                        P2.1      -----------     DATA
   9                        P2.2      -----------     LOAD
  10                        P2.3      -----------     LDAC
  11          
  12          现象描述：使用示波器观察J24口的DCDA输出周期性正弦波
  13          
  14          更新时间：2022.06.07
  15          ***************************************************************************/
  16          #include "intrins.h"
  17          #include "system.h"
  18          #include "dac.h"
  19          
  20          unsigned char  code tab[128] =
  21          {
  22              64, 67, 70, 73, 76, 79, 82, 85, 88, 91, 94, 96, 99, 102, 104, 106,
  23              109, 111, 113, 115, 117, 118, 120, 121, 123, 124, 125, 126, 126,
  24              127, 127, 127, 127, 127, 127, 127, 126, 126, 125, 124, 123, 121,
  25              120, 118, 117, 115, 113, 111, 109, 106, 104, 102, 99, 96, 94, 91,
  26              88, 85, 82, 79, 76, 73, 70, 67, 64, 60, 57, 54, 51, 48, 45, 42, 39,
  27              36, 33, 31, 28, 25, 23, 21, 18, 16, 14, 12, 10, 9, 7, 6, 4, 3, 2, 1,
  28              1, 0, 0, 0, 0, 0, 0, 0, 1, 1, 2, 3, 4, 6, 7, 9, 10, 12, 14, 16, 18, 21, 23,
  29              25, 28, 31, 33, 36, 39, 42, 45, 48, 51, 54, 57, 60
  30          };       //正弦数据表格
  31          
  32          void main(void)
  33          {
  34   1          uint16_t j;
  35   1          System_Init();       //系统初始化
  36   1          DAC_Init();
  37   1      
  38   1          while(1)
  39   1          {
  40   2      
  41   2              LDAC = 0;
  42   2              LOAD = 1;
  43   2              Output_channel(0);    //选择通道A
  44   2              Write_RNG(1);         //设置输出电压范围在输入参考电压的两倍范围内
  45   2      
  46   2              if(++j == 128)
  47   2                  j = 0;
  48   2              DAC_Start(tab[j]);
  49   2          }
  50   1      }
  51          
  52          //                                      endfile


C51 COMPILER V9.54   MAIN                                                                  06/08/2022 10:34:49 PAGE 2   

MODULE INFORMATION:   STATIC OVERLAYABLE
   CODE SIZE        =     68    ----
   CONSTANT SIZE    =    128    ----
   XDATA SIZE       =   ----       2
   PDATA SIZE       =   ----    ----
   DATA SIZE        =   ----    ----
   IDATA SIZE       =   ----    ----
   BIT SIZE         =   ----    ----
END OF MODULE INFORMATION.


C51 COMPILATION COMPLETE.  0 WARNING(S),  0 ERROR(S)
