C51 COMPILER V9.54   MAIN                                                                  06/07/2022 17:48:46 PAGE 1   


C51 COMPILER V9.54, COMPILATION OF MODULE MAIN
OBJECT MODULE PLACED IN .\Objects\main.obj
COMPILER INVOKED BY: D:\Keil_v5\C51\BIN\C51.EXE main.c LARGE OPTIMIZE(8,SPEED) BROWSE INCDIR(..\HARDWARE;..\SYSTEM;..\US
                    -ER;..\HARDWARE\Nixie) DEBUG OBJECTEXTEND PRINT(.\Listings\main.lst) TABS(2) OBJECT(.\Objects\main.obj)

line level    source

   1          /***************************************************************************
   2          实验名称：
   3          
   4          实验模块：  STC8A核心板-V2.1、主板区：动态扫描数码管
   5          
   6          实验接线：    STC8A核心板   -----------   动态扫描数码管             
   7                       P0.0~P0.7    -----------      A~H(J6)
   8                       P1.0~P1.7    -----------      A7~A0(J5)
   9          现象描述：
  10          
  11          更新时间：2022.06.07
  12          ***************************************************************************/
  13          #include "intrins.h"
  14          #include "system.h"
  15          #include "nixie.h"
  16          
  17          uint8_t digivalue[]={0x3F,0x06,0x5B,0x4F,0x66,0x6D,0x7D,0x07};      //显示的数字数组，依次为0，1，..，7
  18          uint8_t select[]={0x01,0x02,0x04,0x08,0x10,0x20,0x40,0x80};       //选择数码管数组，依次选择1，2，..，8
  19          
  20          void main(void)
  21          {
  22   1        uint8_t i = 0;;
  23   1        System_Init();       //系统初始化
  24   1        Nixie_Init();
  25   1        
  26   1        while(1)
  27   1        {
  28   2         for(i=0;i<8;i++)     //8个数码管轮流显示
  29   2          {
  30   3            SELECT=select[i];   //选择第i个数码管
  31   3            DIGI=0x90;
  32   3            DIGI=digivalue[i];  //显示i
  33   3            Delay_ms(1);
  34   3          } 
  35   2        }
  36   1      }
  37          
  38          //                                      endfile


MODULE INFORMATION:   STATIC OVERLAYABLE
   CODE SIZE        =     70    ----
   CONSTANT SIZE    =   ----    ----
   XDATA SIZE       =     16       1
   PDATA SIZE       =   ----    ----
   DATA SIZE        =   ----    ----
   IDATA SIZE       =   ----    ----
   BIT SIZE         =   ----    ----
END OF MODULE INFORMATION.


C51 COMPILATION COMPLETE.  0 WARNING(S),  0 ERROR(S)
