C51 COMPILER V9.54   ADC                                                                   06/08/2022 10:03:08 PAGE 1   


C51 COMPILER V9.54, COMPILATION OF MODULE ADC
OBJECT MODULE PLACED IN .\Objects\adc.obj
COMPILER INVOKED BY: D:\Keil_v5\C51\BIN\C51.EXE ..\HARDWARE\ADC\adc.c LARGE OPTIMIZE(8,SPEED) BROWSE INCDIR(..\HARDWARE;
                    -..\SYSTEM;..\USER;..\HARDWARE\ADC;..\HARDWARE\LCD12864) DEBUG OBJECTEXTEND PRINT(.\Listings\adc.lst) TABS(2) OBJECT(.\Ob
                    -jects\adc.obj)

line level    source

   1          #include "adc.h"
   2          
   3          void ADC_Init(void)
   4          {
   5   1        
   6   1        P1M1 = 0x02;
   7   1        P1M0 = 0xfd;
   8   1        CLK=0;          //初始化时钟端口
   9   1        CS=1;           //片选  
  10   1      }
  11          
  12          //读取转换数值
  13          uint8_t read(void)
  14          {
  15   1        uint8_t i=0,value=0;
  16   1        CS=1;         //片选
  17   1        Delay_us(100);      //等待转换
  18   1        CS=0;
  19   1        Delay_us(3);
  20   1        for(i=0;i<8;i++)
  21   1        {
  22   2          CLK=1;           //产生上升沿
  23   2          value=value<<1;  //数据左移一位
  24   2          if(SDA==1)
  25   2              value=value+1;  //读取数值
  26   2          CLK=0;
  27   2        }
  28   1        return value;        //返回数据
  29   1      }


MODULE INFORMATION:   STATIC OVERLAYABLE
   CODE SIZE        =     63    ----
   CONSTANT SIZE    =   ----    ----
   XDATA SIZE       =   ----       1
   PDATA SIZE       =   ----    ----
   DATA SIZE        =   ----    ----
   IDATA SIZE       =   ----    ----
   BIT SIZE         =   ----    ----
END OF MODULE INFORMATION.


C51 COMPILATION COMPLETE.  0 WARNING(S),  0 ERROR(S)
