C51 COMPILER V9.54   SYSTEM                                                                06/08/2022 10:02:32 PAGE 1   


C51 COMPILER V9.54, COMPILATION OF MODULE SYSTEM
OBJECT MODULE PLACED IN .\Objects\System.obj
COMPILER INVOKED BY: D:\Keil_v5\C51\BIN\C51.EXE ..\SYSTEM\System.c LARGE OPTIMIZE(8,SPEED) BROWSE INCDIR(..\HARDWARE;..\
                    -SYSTEM;..\USER;..\HARDWARE\ADC;..\HARDWARE\LCD12864) DEBUG OBJECTEXTEND PRINT(.\Listings\System.lst) TABS(2) OBJECT(.\Ob
                    -jects\System.obj)

line level    source

   1          #include "system.h"//系统文件 不建议修改
   2          #include <intrins.h>
   3          
   4          /***********************************************
   5          函数名称：Delay_ms
   6          功    能：STC8系列单片机1ms延时程序
   7          入口参数：ms:延时的毫秒数
   8          返 回 值：无  
   9          备    注：示波器实测：1.01ms，内部时钟：24MHz           
  10          ************************************************/
  11          void Delay_ms(unsigned int ms)
  12          {
  13   1        unsigned int i;
  14   1        while( (ms--) != 0)
  15   1        {
  16   2          for(i = 0; i < 1850; i++); 
  17   2        }             
  18   1      }
  19          
  20          /***********************************************
  21          函数名称：Delay_us
  22          功    能：STC8系列单片机1us延时程序
  23          入口参数：us:延时的微秒数
  24          返 回 值：无  
  25          备    注：内部时钟：24MHz
  26          微秒级延时有误差，在24MHz的系统频率下，执行一
  27          条指令需要166ns左右，没有办法取得精准的1us
  28          若需要精准的us延时，请使用定时器。
  29          Delay_us(1);  约为1.7us
  30          Delay_us(10);  约为12.5us
  31          Delay_us(10);  约为117.4us
  32          Delay_us(1000);  约为1165us
  33          ************************************************/
  34          void Delay_us(uint16_t us)  
  35          {
  36   1        uint8_t i;
  37   1        while (us--)
  38   1        {
  39   2          _nop_();
  40   2          _nop_();
  41   2          i = 3;
  42   2          while (--i);
  43   2        }
  44   1      }
  45          
  46          /***********************************************
  47          函数名称：System_Init
  48          功    能：单片机系统初始化
  49          入口参数：无
  50          返 回 值：无  
  51          备    注：STC-ISP下载软件中选择IRC频率：24MHz 
  52                    以下的函数和宏定义，请参考
  53                    STC8A.H文件中的注释
C51 COMPILER V9.54   SYSTEM                                                                06/08/2022 10:02:32 PAGE 2   

  54          ************************************************/
  55          void System_Init(void)
  56          {   
  57   1        Delay_ms(300);                      //延时等待上电稳定
  58   1        SetBits(P_SW2,EAXFR);               //允许访问特殊功能寄存器
  59   1        SetBits(IRC24MCR,ENIRC24M);         //使能内部24M IRC 
  60   1        while (!(IRC24MCR & IRC24MST));     //等待时钟稳定
  61   1        ClrBits(CKSEL,Bits_ALL);            //选择内部24M IRC，时钟不输出
  62   1        ClrBits(CLKDIV,Bits_ALL);           //主时钟不分频
  63   1        ClrBits(P_SW2,EAXFR);               //关闭访问特殊功能寄存器 
  64   1        
  65   1        //复位脚用作IO口P54
  66   1        ClrBits(RSTCFG,P54RST);
  67   1        
  68   1        //全部端口设置为高阻  
  69   1        //P0端口设置为高阻
  70   1        P0_Mode_HighZ(PIN_ALL);
  71   1        //P1端口设置为高阻
  72   1        P1_Mode_HighZ(PIN_ALL);
  73   1        //P2端口设置为高阻
  74   1        P2_Mode_HighZ(PIN_ALL);
  75   1        //P4端口设置为高阻
  76   1        P4_Mode_HighZ(PIN_ALL);
  77   1        //P5端口设置为高阻
  78   1        P5_Mode_HighZ(PIN_ALL);
  79   1        //P6端口设置为高阻
  80   1        P6_Mode_HighZ(PIN_ALL);
  81   1        //P7端口设置为高阻
  82   1        P7_Mode_HighZ(PIN_ALL); 
  83   1        
  84   1        
  85   1        //将P30 P31 设置为准双向口，用于下载
  86   1        P3_Mode_PullUp(PIN_0|PIN_1);  
  87   1        //P3其他端口设置为高阻
  88   1        P3_Mode_HighZ(PIN_2|PIN_3|PIN_4|PIN_5|PIN_6|PIN_7);
  89   1      }
  90          
  91          


MODULE INFORMATION:   STATIC OVERLAYABLE
   CODE SIZE        =    139    ----
   CONSTANT SIZE    =   ----    ----
   XDATA SIZE       =   ----    ----
   PDATA SIZE       =   ----    ----
   DATA SIZE        =   ----    ----
   IDATA SIZE       =   ----    ----
   BIT SIZE         =   ----    ----
END OF MODULE INFORMATION.


C51 COMPILATION COMPLETE.  0 WARNING(S),  0 ERROR(S)
