C51 COMPILER V9.54   MAIN                                                                  06/07/2022 15:01:44 PAGE 1   


C51 COMPILER V9.54, COMPILATION OF MODULE MAIN
OBJECT MODULE PLACED IN .\Objects\main.obj
COMPILER INVOKED BY: D:\Keil_v5\C51\BIN\C51.EXE main.c LARGE OPTIMIZE(8,SPEED) BROWSE INCDIR(..\HARDWARE;..\SYSTEM;..\US
                    -ER;..\HARDWARE\serial2parallel) DEBUG OBJECTEXTEND PRINT(.\Listings\main.lst) TABS(2) OBJECT(.\Objects\main.obj)

line level    source

   1          /***************************************************************************
   2          实验名称：    串行转并行（移位寄存器）实验
   3          
   4          实验模块:   STC8A核心板-V2.1、主板区：串行转并行、主板区：LED发光管
   5          
   6          实验接线：  STC8A核心板   ---------    串行转并行
   7                          P2.1      ---------      SCL  
   8                          P2.0      ---------      SDA    
   9                      串行转并行    ---------    LED发光管
  10                          1         ---------     LED1
  11                          2         ---------     LED2
  12                          3         ---------     LED3
  13                          4         ---------     LED4
  14                          5         ---------     LED5
  15                          6         ---------     LED6
  16                          7         ---------     LED7
  17                          8         ---------     LED8      
  18                
  19          现象描述：  LED发光管显示流水灯
  20          
  21             使用STC-ISP下载时请注意在【硬件选项】的第一项【输入用户程序运行是的IRC频率】
  22          软件默认是11.0592MHz  但我们程序用的都是24MHz，所以我们需要手动输入或者下拉选择
  23          24MHz然后再点击下载即可。然后即可看到右下方窗口提示
  24            . 用户设定频率: 24.000MHz
  25            . 调节后的频率: 24.000MHz
  26            . 频率调节误差: 0.000%
  27            
  28          更新时间：2022-06-07
  29          ***************************************************************************/
  30          #include <intrins.h>
  31          #include "system.h"
  32          #include "serial2parallel.h"
  33          
  34          void main(void)
  35          {
  36   1        unsigned char a=0xfe;
  37   1        System_Init();
  38   1        Serial_Hardware_Init();
  39   1          
  40   1        while(1)
  41   1        {
  42   2          a = _cror_(a,1);      //实现输出_cror_相当于右移 _crol_相当于左移
  43   2          Serial2Parallel(a);
  44   2          Delay_ms(500);
  45   2        }
  46   1      }


MODULE INFORMATION:   STATIC OVERLAYABLE
   CODE SIZE        =     42    ----
   CONSTANT SIZE    =   ----    ----
   XDATA SIZE       =   ----       1
   PDATA SIZE       =   ----    ----
   DATA SIZE        =   ----    ----
C51 COMPILER V9.54   MAIN                                                                  06/07/2022 15:01:44 PAGE 2   

   IDATA SIZE       =   ----    ----
   BIT SIZE         =   ----    ----
END OF MODULE INFORMATION.


C51 COMPILATION COMPLETE.  0 WARNING(S),  0 ERROR(S)
