C51 COMPILER V9.54   MAIN                                                                  06/07/2022 17:11:50 PAGE 1   


C51 COMPILER V9.54, COMPILATION OF MODULE MAIN
OBJECT MODULE PLACED IN .\Objects\main.obj
COMPILER INVOKED BY: D:\Keil_v5\C51\BIN\C51.EXE main.c LARGE OPTIMIZE(8,SPEED) BROWSE INCDIR(..\HARDWARE;..\SYSTEM;..\US
                    -ER;..\HARDWARE\LCD12864;..\HARDWARE\PCF_IIC;..\HARDWARE\PCF8563) DEBUG OBJECTEXTEND PRINT(.\Listings\main.lst) TABS(2) O
                    -BJECT(.\Objects\main.obj)

line level    source

   1          /***************************************************************************
   2          实验名称：   日历时钟实验
   3          
   4          硬件模块：   STC8A核心板V、时钟日历区、液晶显示区
   5          
   6          硬件接线：   STC8A核心板   ――― 液晶显示区（12864）
   7                          P0.0~P0.7 ―――   BD0~BD7
   8                          P2.0    ―――   CS1
   9                          P2.1    ―――   CS2
  10                          P2.2      ―――   RS
  11                          P2.3      ―――   RW
  12                          P2.4      ―――   EN
  13                          
  14                      STC8A核心板 ――― 时钟日历区
  15                          P2.6    ―――  SCL
  16                          P2.7    ―――  SDA
  17            
  18          现象描述：   LCD12864显示日期时间。可以修应pcf8563.c中time_buf1的数据可以修改时间，格式为16进制，例如19年1
             -0月。0x19,0x10
  19                      调用PCF8563_Write_Time(); 即可将时间写入，写入后将写入时间函数屏蔽，断电后时间继续运行后时间继
             -续运行
  20          更新时间：   2019-07-26
  21          ***************************************************************************/
  22          
  23          #include <intrins.h>
  24          #include <system.h>
  25          #include "lcd12864.h"
  26          #include "pcf8563.h" 
  27          #include "pcfiic.h"
  28          
  29          void main(void)
  30          {
  31   1          System_Init();
  32   1          LCD12864_Software_Init();         //液晶初始化
  33   1          PCF_IIC_Hardware_Init();                //IIC硬件初始化 
  34   1          Show_Num(1,0,"8563");                   //初始界面显示
  35   1          Show_Hz(3,0,9);
  36   1          Show_Hz(4,0,10);
  37   1          Show_Hz(5,0,11);
  38   1          Show_Hz(6,0,12);
  39   1        //PCF8563_Write_Time();         //写入时间
  40   1        while(1)
  41   1        {
  42   2          PCF8563_Read_Time();                //读取8563芯片内部寄存器时间
  43   2          PCF8563_LCD_Show_Time();            //时间显示
  44   2        }
  45   1      }


MODULE INFORMATION:   STATIC OVERLAYABLE
   CODE SIZE        =     66    ----
   CONSTANT SIZE    =      5    ----
   XDATA SIZE       =   ----    ----
C51 COMPILER V9.54   MAIN                                                                  06/07/2022 17:11:50 PAGE 2   

   PDATA SIZE       =   ----    ----
   DATA SIZE        =   ----    ----
   IDATA SIZE       =   ----    ----
   BIT SIZE         =   ----    ----
END OF MODULE INFORMATION.


C51 COMPILATION COMPLETE.  0 WARNING(S),  0 ERROR(S)
