C51 COMPILER V9.54   SYSTEM                                                                06/07/2022 17:11:50 PAGE 1   


C51 COMPILER V9.54, COMPILATION OF MODULE SYSTEM
OBJECT MODULE PLACED IN .\Objects\System.obj
COMPILER INVOKED BY: D:\Keil_v5\C51\BIN\C51.EXE ..\SYSTEM\System.c LARGE OPTIMIZE(8,SPEED) BROWSE INCDIR(..\HARDWARE;..\
                    -SYSTEM;..\USER;..\HARDWARE\LCD12864;..\HARDWARE\PCF_IIC;..\HARDWARE\PCF8563) DEBUG OBJECTEXTEND PRINT(.\Listings\System.
                    -lst) TABS(2) OBJECT(.\Objects\System.obj)

line level    source

   1          #include "system.h"
   2          #include <intrins.h>
   3          /***********************************************
   4          函数名称：Delay_ms
   5          功    能：STC8系列单片机1ms延时程序
   6          入口参数：ms:延时的毫秒数
   7          返 回 值：无  
   8          备    注：示波器实测：1.01ms，内部时钟：24MHz           
   9          ************************************************/
  10          void Delay_ms(unsigned int ms)
  11          {
  12   1        unsigned int i;
  13   1        while( (ms--) != 0)
  14   1        {
  15   2          for(i = 0; i < 1850; i++); 
  16   2        }             
  17   1      }
  18          /***********************************************
  19          函数名称：Delay_us
  20          功    能：STC8系列单片机1us延时程序
  21          入口参数：us:延时的微秒数
  22          返 回 值：无  
  23          备    注：内部时钟：24MHz
  24          微秒级延时有误差，在24MHz的系统频率下，执行一
  25          条指令需要166ns左右，没有办法取得精准的1us
  26          若需要精准的us延时，请使用定时器。
  27          Delay_us(1);  约为1.7us
  28          Delay_us(10);  约为12.5us
  29          Delay_us(10);  约为117.4us
  30          Delay_us(1000);  约为1165us
  31          ************************************************/
  32          void Delay_us(uint16_t us)  
  33          {
  34   1        uint8_t i;
  35   1        while (us--)
  36   1        {
  37   2          _nop_();
  38   2          _nop_();
  39   2          i = 3;
  40   2          while (--i);
  41   2        }
  42   1      }
  43          /***********************************************
  44          函数名称：System_Init
  45          功    能：单片机系统初始化
  46          入口参数：无
  47          返 回 值：无  
  48          备    注：STC-ISP下载软件中选择IRC频率：24MHz 
  49                    以下的函数和宏定义，请参考
  50                STC8A8K64S4A12.H文件中的注释
  51          ************************************************/
  52          void System_Init(void)
  53          {   
C51 COMPILER V9.54   SYSTEM                                                                06/07/2022 17:11:50 PAGE 2   

  54   1        Delay_ms(300);              //延时等待上电稳定
  55   1        SetBits(P_SW2,EAXFR);         //允许访问特殊功能寄存器
  56   1        SetBits(IRC24MCR,ENIRC24M);       //使能内部24M IRC 
  57   1        while (!(IRC24MCR & IRC24MST));     //等待时钟稳定
  58   1        ClrBits(CKSEL,Bits_ALL);            //选择内部24M IRC，时钟不输出
  59   1        ClrBits(CLKDIV,Bits_ALL);           //主时钟不分频
  60   1        ClrBits(P_SW2,EAXFR);         //关闭访问特殊功能寄存器 
  61   1        
  62   1        //复位脚用作IO口P54
  63   1        ClrBits(RSTCFG,P54RST);
  64   1        
  65   1        //全部端口设置为高阻  
  66   1        //P0端口设置为高阻
  67   1        P0_Mode_HighZ(PIN_ALL);
  68   1        //P1端口设置为高阻
  69   1        P1_Mode_HighZ(PIN_ALL);
  70   1        //P2端口设置为高阻
  71   1        P2_Mode_HighZ(PIN_ALL);
  72   1        //P4端口设置为高阻
  73   1        P4_Mode_HighZ(PIN_ALL);
  74   1        //P5端口设置为高阻
  75   1        P5_Mode_HighZ(PIN_ALL);
  76   1        //P6端口设置为高阻
  77   1        P6_Mode_HighZ(PIN_ALL);
  78   1        //P7端口设置为高阻
  79   1        P7_Mode_HighZ(PIN_ALL); 
  80   1        
  81   1        
  82   1        //将P30 P31 设置为准双向口，用于下载
  83   1        P3_Mode_PullUp(PIN_0|PIN_1);  
  84   1        //P3其他端口设置为高阻
  85   1        P3_Mode_HighZ(PIN_2|PIN_3|PIN_4|PIN_5|PIN_6|PIN_7);
  86   1      }
  87          
  88          


MODULE INFORMATION:   STATIC OVERLAYABLE
   CODE SIZE        =    139    ----
   CONSTANT SIZE    =   ----    ----
   XDATA SIZE       =   ----    ----
   PDATA SIZE       =   ----    ----
   DATA SIZE        =   ----    ----
   IDATA SIZE       =   ----    ----
   BIT SIZE         =   ----    ----
END OF MODULE INFORMATION.


C51 COMPILATION COMPLETE.  0 WARNING(S),  0 ERROR(S)
