C51 COMPILER V9.54   MAIN                                                                  06/07/2022 20:24:39 PAGE 1   


C51 COMPILER V9.54, COMPILATION OF MODULE MAIN
OBJECT MODULE PLACED IN .\Objects\main.obj
COMPILER INVOKED BY: D:\Keil_v5\C51\BIN\C51.EXE main.c LARGE OPTIMIZE(8,SPEED) BROWSE INCDIR(..\HARDWARE;..\SYSTEM;..\US
                    -ER;..\HARDWARE\DAC0832) DEBUG OBJECTEXTEND PRINT(.\Listings\main.lst) TABS(2) OBJECT(.\Objects\main.obj)

line level    source

   1          /***************************************************************************
   2          实验名称：
   3          
   4          实验模块：  STC8A核心板-V2.1、
   5          
   6          实验接线：    STC8A核心板   -----------                
   7                      
   8          现象描述：
   9          
  10          更新时间：2022.06.07
  11          ***************************************************************************/
  12          #include "intrins.h"
  13          #include "system.h"
  14          #include "dac0832.h"
  15          
  16          void main(void)
  17          {
  18   1        
  19   1        System_Init();       //系统初始化
  20   1        DAC_Init();
  21   1        P1=0xff;  
  22   1        
  23   1        while(1)
  24   1        {
  25   2           sin();
  26   2        }
  27   1      }
  28          
  29          //                                      endfile


MODULE INFORMATION:   STATIC OVERLAYABLE
   CODE SIZE        =     14    ----
   CONSTANT SIZE    =   ----    ----
   XDATA SIZE       =   ----    ----
   PDATA SIZE       =   ----    ----
   DATA SIZE        =   ----    ----
   IDATA SIZE       =   ----    ----
   BIT SIZE         =   ----    ----
END OF MODULE INFORMATION.


C51 COMPILATION COMPLETE.  0 WARNING(S),  0 ERROR(S)
